{"/Users/umar/Documents/github revisit/book-tracker-js/src/index.js": {"path":"/Users/umar/Documents/github revisit/book-tracker-js/src/index.js","all":false,"statementMap":{"0":{"start":{"line":1,"column":0},"end":{"line":1,"column":60}},"1":{"start":{"line":2,"column":0},"end":{"line":2,"column":54}},"2":{"start":{"line":3,"column":0},"end":{"line":3,"column":54}},"3":{"start":{"line":4,"column":0},"end":{"line":4,"column":62}},"4":{"start":{"line":5,"column":0},"end":{"line":5,"column":64}},"5":{"start":{"line":6,"column":0},"end":{"line":6,"column":60}},"6":{"start":{"line":7,"column":0},"end":{"line":7,"column":24}},"8":{"start":{"line":9,"column":0},"end":{"line":9,"column":40}},"9":{"start":{"line":10,"column":0},"end":{"line":10,"column":32}},"10":{"start":{"line":11,"column":0},"end":{"line":11,"column":32}},"11":{"start":{"line":12,"column":0},"end":{"line":12,"column":46}},"12":{"start":{"line":13,"column":0},"end":{"line":13,"column":74}},"13":{"start":{"line":14,"column":0},"end":{"line":14,"column":65}},"15":{"start":{"line":16,"column":0},"end":{"line":16,"column":53}},"16":{"start":{"line":17,"column":0},"end":{"line":17,"column":29}},"17":{"start":{"line":18,"column":0},"end":{"line":18,"column":31}},"18":{"start":{"line":19,"column":0},"end":{"line":19,"column":37}},"19":{"start":{"line":20,"column":0},"end":{"line":20,"column":40}},"20":{"start":{"line":21,"column":0},"end":{"line":21,"column":24}},"21":{"start":{"line":22,"column":0},"end":{"line":22,"column":25}},"22":{"start":{"line":23,"column":0},"end":{"line":23,"column":23}},"23":{"start":{"line":24,"column":0},"end":{"line":24,"column":33}},"24":{"start":{"line":25,"column":0},"end":{"line":25,"column":37}},"25":{"start":{"line":26,"column":0},"end":{"line":26,"column":35}},"27":{"start":{"line":28,"column":0},"end":{"line":28,"column":16}},"28":{"start":{"line":29,"column":0},"end":{"line":29,"column":25}},"29":{"start":{"line":30,"column":0},"end":{"line":30,"column":37}},"30":{"start":{"line":31,"column":0},"end":{"line":31,"column":34}},"32":{"start":{"line":33,"column":0},"end":{"line":33,"column":34}},"33":{"start":{"line":34,"column":0},"end":{"line":34,"column":49}},"35":{"start":{"line":36,"column":0},"end":{"line":36,"column":31}},"36":{"start":{"line":37,"column":0},"end":{"line":37,"column":30}},"37":{"start":{"line":38,"column":0},"end":{"line":38,"column":43}},"38":{"start":{"line":39,"column":0},"end":{"line":39,"column":42}},"39":{"start":{"line":40,"column":0},"end":{"line":40,"column":3}}},"s":{"0":1,"1":1,"2":1,"3":1,"4":1,"5":1,"6":1,"8":1,"9":1,"10":1,"11":1,"12":1,"13":1,"15":1,"16":17,"17":17,"18":17,"19":17,"20":17,"21":17,"22":17,"23":17,"24":17,"25":17,"27":17,"28":17,"29":17,"30":17,"32":17,"33":17,"35":17,"36":17,"37":17,"38":17,"39":1},"branchMap":{"0":{"type":"branch","line":16,"loc":{"start":{"line":16,"column":46},"end":{"line":40,"column":2}},"locations":[{"start":{"line":16,"column":46},"end":{"line":40,"column":2}}]}},"b":{"0":[17]},"fnMap":{},"f":{}}
,"/Users/umar/Documents/github revisit/book-tracker-js/src/js-components/AddBooks.js": {"path":"/Users/umar/Documents/github revisit/book-tracker-js/src/js-components/AddBooks.js","all":false,"statementMap":{"0":{"start":{"line":1,"column":0},"end":{"line":1,"column":31}},"1":{"start":{"line":2,"column":0},"end":{"line":2,"column":67}},"2":{"start":{"line":3,"column":0},"end":{"line":3,"column":25}},"3":{"start":{"line":4,"column":0},"end":{"line":4,"column":33}},"4":{"start":{"line":5,"column":0},"end":{"line":5,"column":29}},"5":{"start":{"line":6,"column":0},"end":{"line":6,"column":33}},"6":{"start":{"line":7,"column":0},"end":{"line":7,"column":29}},"7":{"start":{"line":8,"column":0},"end":{"line":8,"column":3}},"8":{"start":{"line":9,"column":0},"end":{"line":9,"column":1}}},"s":{"0":1,"1":1,"2":54,"3":54,"4":54,"5":54,"6":54,"7":54,"8":1},"branchMap":{"0":{"type":"branch","line":2,"loc":{"start":{"line":2,"column":2},"end":{"line":8,"column":3}},"locations":[{"start":{"line":2,"column":2},"end":{"line":8,"column":3}}]}},"b":{"0":[54]},"fnMap":{"0":{"name":"AddBooks","decl":{"start":{"line":2,"column":2},"end":{"line":8,"column":3}},"loc":{"start":{"line":2,"column":2},"end":{"line":8,"column":3}},"line":2}},"f":{"0":54}}
,"/Users/umar/Documents/github revisit/book-tracker-js/src/js-components/AsideBar.js": {"path":"/Users/umar/Documents/github revisit/book-tracker-js/src/js-components/AsideBar.js","all":false,"statementMap":{"0":{"start":{"line":1,"column":0},"end":{"line":1,"column":65}},"1":{"start":{"line":2,"column":0},"end":{"line":2,"column":67}},"2":{"start":{"line":3,"column":0},"end":{"line":3,"column":64}},"3":{"start":{"line":4,"column":0},"end":{"line":4,"column":62}},"4":{"start":{"line":5,"column":0},"end":{"line":5,"column":8}},"9":{"start":{"line":10,"column":0},"end":{"line":10,"column":31}},"10":{"start":{"line":11,"column":0},"end":{"line":11,"column":17}},"11":{"start":{"line":12,"column":0},"end":{"line":12,"column":45}},"12":{"start":{"line":13,"column":0},"end":{"line":13,"column":14}},"13":{"start":{"line":14,"column":0},"end":{"line":14,"column":28}},"14":{"start":{"line":15,"column":0},"end":{"line":15,"column":11}},"15":{"start":{"line":16,"column":0},"end":{"line":16,"column":17}},"16":{"start":{"line":17,"column":0},"end":{"line":17,"column":6}},"18":{"start":{"line":19,"column":0},"end":{"line":19,"column":54}},"19":{"start":{"line":20,"column":0},"end":{"line":20,"column":12}},"20":{"start":{"line":21,"column":0},"end":{"line":21,"column":17}},"21":{"start":{"line":22,"column":0},"end":{"line":22,"column":11}},"22":{"start":{"line":23,"column":0},"end":{"line":23,"column":23}},"23":{"start":{"line":24,"column":0},"end":{"line":24,"column":6}},"24":{"start":{"line":25,"column":0},"end":{"line":25,"column":3}},"26":{"start":{"line":27,"column":0},"end":{"line":27,"column":17}},"27":{"start":{"line":28,"column":0},"end":{"line":28,"column":61}},"28":{"start":{"line":29,"column":0},"end":{"line":29,"column":12}},"29":{"start":{"line":30,"column":0},"end":{"line":30,"column":26}},"30":{"start":{"line":31,"column":0},"end":{"line":31,"column":11}},"31":{"start":{"line":32,"column":0},"end":{"line":32,"column":30}},"32":{"start":{"line":33,"column":0},"end":{"line":33,"column":6}},"34":{"start":{"line":35,"column":0},"end":{"line":35,"column":65}},"35":{"start":{"line":36,"column":0},"end":{"line":36,"column":34}},"36":{"start":{"line":37,"column":0},"end":{"line":37,"column":16}},"37":{"start":{"line":38,"column":0},"end":{"line":38,"column":29}},"38":{"start":{"line":39,"column":0},"end":{"line":39,"column":13}},"39":{"start":{"line":40,"column":0},"end":{"line":40,"column":18}},"40":{"start":{"line":41,"column":0},"end":{"line":41,"column":8}},"41":{"start":{"line":42,"column":0},"end":{"line":42,"column":7}},"42":{"start":{"line":43,"column":0},"end":{"line":43,"column":3}},"44":{"start":{"line":45,"column":0},"end":{"line":45,"column":15}},"45":{"start":{"line":46,"column":0},"end":{"line":46,"column":59}},"46":{"start":{"line":47,"column":0},"end":{"line":47,"column":12}},"47":{"start":{"line":48,"column":0},"end":{"line":48,"column":26}},"48":{"start":{"line":49,"column":0},"end":{"line":49,"column":11}},"49":{"start":{"line":50,"column":0},"end":{"line":50,"column":29}},"50":{"start":{"line":51,"column":0},"end":{"line":51,"column":6}},"52":{"start":{"line":53,"column":0},"end":{"line":53,"column":63}},"53":{"start":{"line":54,"column":0},"end":{"line":54,"column":34}},"54":{"start":{"line":55,"column":0},"end":{"line":55,"column":16}},"55":{"start":{"line":56,"column":0},"end":{"line":56,"column":27}},"56":{"start":{"line":57,"column":0},"end":{"line":57,"column":13}},"57":{"start":{"line":58,"column":0},"end":{"line":58,"column":18}},"58":{"start":{"line":59,"column":0},"end":{"line":59,"column":8}},"59":{"start":{"line":60,"column":0},"end":{"line":60,"column":7}},"60":{"start":{"line":61,"column":0},"end":{"line":61,"column":3}},"62":{"start":{"line":63,"column":0},"end":{"line":63,"column":23}},"63":{"start":{"line":64,"column":0},"end":{"line":64,"column":71}},"65":{"start":{"line":66,"column":0},"end":{"line":66,"column":25}},"66":{"start":{"line":67,"column":0},"end":{"line":67,"column":36}},"67":{"start":{"line":68,"column":0},"end":{"line":68,"column":5}},"69":{"start":{"line":70,"column":0},"end":{"line":70,"column":37}},"70":{"start":{"line":71,"column":0},"end":{"line":71,"column":67}},"71":{"start":{"line":72,"column":0},"end":{"line":72,"column":33}},"72":{"start":{"line":73,"column":0},"end":{"line":73,"column":61}},"73":{"start":{"line":74,"column":0},"end":{"line":74,"column":16}},"74":{"start":{"line":75,"column":0},"end":{"line":75,"column":27}},"75":{"start":{"line":76,"column":0},"end":{"line":76,"column":26}},"76":{"start":{"line":77,"column":0},"end":{"line":77,"column":30}},"77":{"start":{"line":78,"column":0},"end":{"line":78,"column":12}},"78":{"start":{"line":79,"column":0},"end":{"line":79,"column":60}},"79":{"start":{"line":80,"column":0},"end":{"line":80,"column":9}},"80":{"start":{"line":81,"column":0},"end":{"line":81,"column":7}},"81":{"start":{"line":82,"column":0},"end":{"line":82,"column":6}},"82":{"start":{"line":83,"column":0},"end":{"line":83,"column":3}},"84":{"start":{"line":85,"column":0},"end":{"line":85,"column":21}},"85":{"start":{"line":86,"column":0},"end":{"line":86,"column":68}},"87":{"start":{"line":88,"column":0},"end":{"line":88,"column":30}},"89":{"start":{"line":90,"column":0},"end":{"line":90,"column":32}},"91":{"start":{"line":92,"column":0},"end":{"line":92,"column":37}},"92":{"start":{"line":93,"column":0},"end":{"line":93,"column":67}},"93":{"start":{"line":94,"column":0},"end":{"line":94,"column":32}},"94":{"start":{"line":95,"column":0},"end":{"line":95,"column":61}},"95":{"start":{"line":96,"column":0},"end":{"line":96,"column":16}},"96":{"start":{"line":97,"column":0},"end":{"line":97,"column":25}},"97":{"start":{"line":98,"column":0},"end":{"line":98,"column":26}},"98":{"start":{"line":99,"column":0},"end":{"line":99,"column":30}},"99":{"start":{"line":100,"column":0},"end":{"line":100,"column":12}},"100":{"start":{"line":101,"column":0},"end":{"line":101,"column":60}},"101":{"start":{"line":102,"column":0},"end":{"line":102,"column":9}},"102":{"start":{"line":103,"column":0},"end":{"line":103,"column":7}},"103":{"start":{"line":104,"column":0},"end":{"line":104,"column":6}},"104":{"start":{"line":105,"column":0},"end":{"line":105,"column":3}},"106":{"start":{"line":107,"column":0},"end":{"line":107,"column":25}},"107":{"start":{"line":108,"column":0},"end":{"line":108,"column":60}},"108":{"start":{"line":109,"column":0},"end":{"line":109,"column":15}},"109":{"start":{"line":110,"column":0},"end":{"line":110,"column":28}},"110":{"start":{"line":111,"column":0},"end":{"line":111,"column":11}},"111":{"start":{"line":112,"column":0},"end":{"line":112,"column":31}},"112":{"start":{"line":113,"column":0},"end":{"line":113,"column":6}},"113":{"start":{"line":114,"column":0},"end":{"line":114,"column":47}},"114":{"start":{"line":115,"column":0},"end":{"line":115,"column":12}},"115":{"start":{"line":116,"column":0},"end":{"line":116,"column":26}},"116":{"start":{"line":117,"column":0},"end":{"line":117,"column":11}},"117":{"start":{"line":118,"column":0},"end":{"line":118,"column":15}},"118":{"start":{"line":119,"column":0},"end":{"line":119,"column":6}},"119":{"start":{"line":120,"column":0},"end":{"line":120,"column":31}},"120":{"start":{"line":121,"column":0},"end":{"line":121,"column":3}},"122":{"start":{"line":123,"column":0},"end":{"line":123,"column":29}},"123":{"start":{"line":124,"column":0},"end":{"line":124,"column":54}},"124":{"start":{"line":125,"column":0},"end":{"line":125,"column":58}},"125":{"start":{"line":126,"column":0},"end":{"line":126,"column":67}},"127":{"start":{"line":128,"column":0},"end":{"line":128,"column":45}},"129":{"start":{"line":130,"column":0},"end":{"line":130,"column":41}},"130":{"start":{"line":131,"column":0},"end":{"line":131,"column":53}},"131":{"start":{"line":132,"column":0},"end":{"line":132,"column":47}},"132":{"start":{"line":133,"column":0},"end":{"line":133,"column":50}},"133":{"start":{"line":134,"column":0},"end":{"line":134,"column":36}},"134":{"start":{"line":135,"column":0},"end":{"line":135,"column":14}},"135":{"start":{"line":136,"column":0},"end":{"line":136,"column":44}},"136":{"start":{"line":137,"column":0},"end":{"line":137,"column":53}},"137":{"start":{"line":138,"column":0},"end":{"line":138,"column":35}},"138":{"start":{"line":139,"column":0},"end":{"line":139,"column":7}},"139":{"start":{"line":140,"column":0},"end":{"line":140,"column":7}},"140":{"start":{"line":141,"column":0},"end":{"line":141,"column":3}},"142":{"start":{"line":143,"column":0},"end":{"line":143,"column":27}},"143":{"start":{"line":144,"column":0},"end":{"line":144,"column":58}},"144":{"start":{"line":145,"column":0},"end":{"line":145,"column":70}},"145":{"start":{"line":146,"column":0},"end":{"line":146,"column":54}},"147":{"start":{"line":148,"column":0},"end":{"line":148,"column":19}},"148":{"start":{"line":149,"column":0},"end":{"line":149,"column":49}},"149":{"start":{"line":150,"column":0},"end":{"line":150,"column":28}},"150":{"start":{"line":151,"column":0},"end":{"line":151,"column":44}},"151":{"start":{"line":152,"column":0},"end":{"line":152,"column":53}},"152":{"start":{"line":153,"column":0},"end":{"line":153,"column":35}},"153":{"start":{"line":154,"column":0},"end":{"line":154,"column":9}},"154":{"start":{"line":155,"column":0},"end":{"line":155,"column":5}},"156":{"start":{"line":157,"column":0},"end":{"line":157,"column":25}},"157":{"start":{"line":158,"column":0},"end":{"line":158,"column":55}},"158":{"start":{"line":159,"column":0},"end":{"line":159,"column":28}},"159":{"start":{"line":160,"column":0},"end":{"line":160,"column":9}},"160":{"start":{"line":161,"column":0},"end":{"line":161,"column":5}},"161":{"start":{"line":162,"column":0},"end":{"line":162,"column":3}},"162":{"start":{"line":163,"column":0},"end":{"line":163,"column":1}}},"s":{"0":1,"1":1,"2":1,"3":1,"4":1,"9":1,"10":1,"11":63,"12":63,"13":63,"14":63,"15":63,"16":63,"18":63,"19":63,"20":63,"21":63,"22":63,"23":63,"24":63,"26":1,"27":25,"28":25,"29":25,"30":25,"31":25,"32":25,"34":25,"35":50,"36":50,"37":50,"38":50,"39":50,"40":50,"41":25,"42":25,"44":1,"45":26,"46":26,"47":26,"48":26,"49":26,"50":26,"52":26,"53":52,"54":52,"55":52,"56":52,"57":52,"58":52,"59":26,"60":26,"62":1,"63":60,"65":60,"66":3,"67":3,"69":60,"70":60,"71":63,"72":2,"73":2,"74":2,"75":2,"76":2,"77":2,"78":2,"79":2,"80":63,"81":60,"82":60,"84":1,"85":62,"87":62,"89":4,"91":4,"92":4,"93":4,"94":2,"95":2,"96":2,"97":2,"98":2,"99":2,"100":2,"101":2,"102":4,"103":4,"104":62,"106":1,"107":28,"108":28,"109":28,"110":28,"111":28,"112":28,"113":28,"114":28,"115":28,"116":28,"117":28,"118":28,"119":28,"120":28,"122":1,"123":26,"124":26,"125":26,"127":26,"129":9,"130":5,"131":3,"132":3,"133":3,"134":4,"135":2,"136":2,"137":2,"138":2,"139":9,"140":26,"142":1,"143":25,"144":25,"145":25,"147":25,"148":8,"149":1,"150":1,"151":1,"152":1,"153":8,"154":8,"156":25,"157":8,"158":1,"159":8,"160":8,"161":25,"162":1},"branchMap":{"0":{"type":"branch","line":11,"loc":{"start":{"line":11,"column":2},"end":{"line":25,"column":3}},"locations":[{"start":{"line":11,"column":2},"end":{"line":25,"column":3}}]},"1":{"type":"branch","line":27,"loc":{"start":{"line":27,"column":2},"end":{"line":43,"column":3}},"locations":[{"start":{"line":27,"column":2},"end":{"line":43,"column":3}}]},"2":{"type":"branch","line":35,"loc":{"start":{"line":35,"column":29},"end":{"line":42,"column":5}},"locations":[{"start":{"line":35,"column":29},"end":{"line":42,"column":5}}]},"3":{"type":"branch","line":45,"loc":{"start":{"line":45,"column":2},"end":{"line":61,"column":3}},"locations":[{"start":{"line":45,"column":2},"end":{"line":61,"column":3}}]},"4":{"type":"branch","line":53,"loc":{"start":{"line":53,"column":27},"end":{"line":60,"column":5}},"locations":[{"start":{"line":53,"column":27},"end":{"line":60,"column":5}}]},"5":{"type":"branch","line":63,"loc":{"start":{"line":63,"column":2},"end":{"line":83,"column":3}},"locations":[{"start":{"line":63,"column":2},"end":{"line":83,"column":3}}]},"6":{"type":"branch","line":66,"loc":{"start":{"line":66,"column":24},"end":{"line":68,"column":5}},"locations":[{"start":{"line":66,"column":24},"end":{"line":68,"column":5}}]},"7":{"type":"branch","line":71,"loc":{"start":{"line":71,"column":6},"end":{"line":81,"column":7}},"locations":[{"start":{"line":71,"column":6},"end":{"line":81,"column":7}}]},"8":{"type":"branch","line":72,"loc":{"start":{"line":72,"column":32},"end":{"line":80,"column":9}},"locations":[{"start":{"line":72,"column":32},"end":{"line":80,"column":9}}]},"9":{"type":"branch","line":85,"loc":{"start":{"line":85,"column":2},"end":{"line":105,"column":3}},"locations":[{"start":{"line":85,"column":2},"end":{"line":105,"column":3}}]},"10":{"type":"branch","line":88,"loc":{"start":{"line":88,"column":23},"end":{"line":88,"column":30}},"locations":[{"start":{"line":88,"column":23},"end":{"line":88,"column":30}}]},"11":{"type":"branch","line":88,"loc":{"start":{"line":88,"column":29},"end":{"line":105,"column":2}},"locations":[{"start":{"line":88,"column":29},"end":{"line":105,"column":2}}]},"12":{"type":"branch","line":93,"loc":{"start":{"line":93,"column":6},"end":{"line":103,"column":7}},"locations":[{"start":{"line":93,"column":6},"end":{"line":103,"column":7}}]},"13":{"type":"branch","line":94,"loc":{"start":{"line":94,"column":31},"end":{"line":102,"column":9}},"locations":[{"start":{"line":94,"column":31},"end":{"line":102,"column":9}}]},"14":{"type":"branch","line":107,"loc":{"start":{"line":107,"column":2},"end":{"line":121,"column":3}},"locations":[{"start":{"line":107,"column":2},"end":{"line":121,"column":3}}]},"15":{"type":"branch","line":123,"loc":{"start":{"line":123,"column":2},"end":{"line":141,"column":3}},"locations":[{"start":{"line":123,"column":2},"end":{"line":141,"column":3}}]},"16":{"type":"branch","line":128,"loc":{"start":{"line":128,"column":16},"end":{"line":128,"column":28}},"locations":[{"start":{"line":128,"column":16},"end":{"line":128,"column":28}}]},"17":{"type":"branch","line":128,"loc":{"start":{"line":128,"column":29},"end":{"line":128,"column":36}},"locations":[{"start":{"line":128,"column":29},"end":{"line":128,"column":36}}]},"18":{"type":"branch","line":128,"loc":{"start":{"line":128,"column":38},"end":{"line":128,"column":45}},"locations":[{"start":{"line":128,"column":38},"end":{"line":128,"column":45}}]},"19":{"type":"branch","line":128,"loc":{"start":{"line":128,"column":44},"end":{"line":141,"column":2}},"locations":[{"start":{"line":128,"column":44},"end":{"line":141,"column":2}}]},"20":{"type":"branch","line":130,"loc":{"start":{"line":130,"column":34},"end":{"line":140,"column":5}},"locations":[{"start":{"line":130,"column":34},"end":{"line":140,"column":5}}]},"21":{"type":"branch","line":131,"loc":{"start":{"line":131,"column":52},"end":{"line":139,"column":7}},"locations":[{"start":{"line":131,"column":52},"end":{"line":139,"column":7}}]},"22":{"type":"branch","line":131,"loc":{"start":{"line":131,"column":52},"end":{"line":135,"column":7}},"locations":[{"start":{"line":131,"column":52},"end":{"line":135,"column":7}}]},"23":{"type":"branch","line":135,"loc":{"start":{"line":135,"column":7},"end":{"line":139,"column":7}},"locations":[{"start":{"line":135,"column":7},"end":{"line":139,"column":7}}]},"24":{"type":"branch","line":143,"loc":{"start":{"line":143,"column":2},"end":{"line":162,"column":3}},"locations":[{"start":{"line":143,"column":2},"end":{"line":162,"column":3}}]},"25":{"type":"branch","line":148,"loc":{"start":{"line":148,"column":18},"end":{"line":155,"column":5}},"locations":[{"start":{"line":148,"column":18},"end":{"line":155,"column":5}}]},"26":{"type":"branch","line":157,"loc":{"start":{"line":157,"column":24},"end":{"line":161,"column":5}},"locations":[{"start":{"line":157,"column":24},"end":{"line":161,"column":5}}]},"27":{"type":"branch","line":149,"loc":{"start":{"line":149,"column":41},"end":{"line":154,"column":7}},"locations":[{"start":{"line":149,"column":41},"end":{"line":154,"column":7}}]},"28":{"type":"branch","line":158,"loc":{"start":{"line":158,"column":47},"end":{"line":160,"column":7}},"locations":[{"start":{"line":158,"column":47},"end":{"line":160,"column":7}}]}},"b":{"0":[63],"1":[25],"2":[50],"3":[26],"4":[52],"5":[60],"6":[3],"7":[63],"8":[2],"9":[62],"10":[58],"11":[4],"12":[4],"13":[2],"14":[28],"15":[26],"16":[25],"17":[9],"18":[17],"19":[9],"20":[5],"21":[4],"22":[3],"23":[2],"24":[25],"25":[8],"26":[8],"27":[1],"28":[1]},"fnMap":{"0":{"name":"AsideBar","decl":{"start":{"line":11,"column":2},"end":{"line":25,"column":3}},"loc":{"start":{"line":11,"column":2},"end":{"line":25,"column":3}},"line":11},"1":{"name":"doneReading","decl":{"start":{"line":27,"column":2},"end":{"line":43,"column":3}},"loc":{"start":{"line":27,"column":2},"end":{"line":43,"column":3}},"line":27},"2":{"name":"yetToRead","decl":{"start":{"line":45,"column":2},"end":{"line":61,"column":3}},"loc":{"start":{"line":45,"column":2},"end":{"line":61,"column":3}},"line":45},"3":{"name":"appendDoneReading","decl":{"start":{"line":63,"column":2},"end":{"line":83,"column":3}},"loc":{"start":{"line":63,"column":2},"end":{"line":83,"column":3}},"line":63},"4":{"name":"appendYetToRead","decl":{"start":{"line":85,"column":2},"end":{"line":105,"column":3}},"loc":{"start":{"line":85,"column":2},"end":{"line":105,"column":3}},"line":85},"5":{"name":"smallScreenAsideBar","decl":{"start":{"line":107,"column":2},"end":{"line":121,"column":3}},"loc":{"start":{"line":107,"column":2},"end":{"line":121,"column":3}},"line":107},"6":{"name":"smallScreenAsideHandler","decl":{"start":{"line":123,"column":2},"end":{"line":141,"column":3}},"loc":{"start":{"line":123,"column":2},"end":{"line":141,"column":3}},"line":123},"7":{"name":"asideContainerHandler","decl":{"start":{"line":143,"column":2},"end":{"line":162,"column":3}},"loc":{"start":{"line":143,"column":2},"end":{"line":162,"column":3}},"line":143}},"f":{"0":63,"1":25,"2":26,"3":60,"4":62,"5":28,"6":26,"7":25}}
,"/Users/umar/Documents/github revisit/book-tracker-js/src/js-components/CreateInput.js": {"path":"/Users/umar/Documents/github revisit/book-tracker-js/src/js-components/CreateInput.js","all":false,"statementMap":{"0":{"start":{"line":1,"column":0},"end":{"line":1,"column":61}},"1":{"start":{"line":2,"column":0},"end":{"line":2,"column":64}},"2":{"start":{"line":3,"column":0},"end":{"line":3,"column":99}},"4":{"start":{"line":5,"column":0},"end":{"line":5,"column":34}},"5":{"start":{"line":6,"column":0},"end":{"line":6,"column":20}},"6":{"start":{"line":7,"column":0},"end":{"line":7,"column":73}},"7":{"start":{"line":8,"column":0},"end":{"line":8,"column":59}},"8":{"start":{"line":9,"column":0},"end":{"line":9,"column":5}},"10":{"start":{"line":11,"column":0},"end":{"line":11,"column":77}},"11":{"start":{"line":12,"column":0},"end":{"line":12,"column":62}},"12":{"start":{"line":13,"column":0},"end":{"line":13,"column":5}},"14":{"start":{"line":15,"column":0},"end":{"line":15,"column":54}},"15":{"start":{"line":16,"column":0},"end":{"line":16,"column":12}},"16":{"start":{"line":17,"column":0},"end":{"line":17,"column":28}},"17":{"start":{"line":18,"column":0},"end":{"line":18,"column":11}},"18":{"start":{"line":19,"column":0},"end":{"line":19,"column":52}},"19":{"start":{"line":20,"column":0},"end":{"line":20,"column":6}},"21":{"start":{"line":22,"column":0},"end":{"line":22,"column":50}},"22":{"start":{"line":23,"column":0},"end":{"line":23,"column":13}},"23":{"start":{"line":24,"column":0},"end":{"line":24,"column":20}},"24":{"start":{"line":25,"column":0},"end":{"line":25,"column":11}},"25":{"start":{"line":26,"column":0},"end":{"line":26,"column":10}},"26":{"start":{"line":27,"column":0},"end":{"line":27,"column":6}},"27":{"start":{"line":28,"column":0},"end":{"line":28,"column":41}},"29":{"start":{"line":30,"column":0},"end":{"line":30,"column":53}},"30":{"start":{"line":31,"column":0},"end":{"line":31,"column":15}},"31":{"start":{"line":32,"column":0},"end":{"line":32,"column":16}},"32":{"start":{"line":33,"column":0},"end":{"line":33,"column":11}},"33":{"start":{"line":34,"column":0},"end":{"line":34,"column":22}},"34":{"start":{"line":35,"column":0},"end":{"line":35,"column":6}},"36":{"start":{"line":37,"column":0},"end":{"line":37,"column":52}},"37":{"start":{"line":38,"column":0},"end":{"line":38,"column":12}},"38":{"start":{"line":39,"column":0},"end":{"line":39,"column":19}},"39":{"start":{"line":40,"column":0},"end":{"line":40,"column":11}},"40":{"start":{"line":41,"column":0},"end":{"line":41,"column":21}},"41":{"start":{"line":42,"column":0},"end":{"line":42,"column":6}},"43":{"start":{"line":44,"column":0},"end":{"line":44,"column":31}},"45":{"start":{"line":46,"column":0},"end":{"line":46,"column":75}},"46":{"start":{"line":47,"column":0},"end":{"line":47,"column":86}},"48":{"start":{"line":49,"column":0},"end":{"line":49,"column":35}},"49":{"start":{"line":50,"column":0},"end":{"line":50,"column":3}},"51":{"start":{"line":52,"column":0},"end":{"line":52,"column":29}},"52":{"start":{"line":53,"column":0},"end":{"line":53,"column":51}},"53":{"start":{"line":54,"column":0},"end":{"line":54,"column":12}},"54":{"start":{"line":55,"column":0},"end":{"line":55,"column":16}},"55":{"start":{"line":56,"column":0},"end":{"line":56,"column":11}},"56":{"start":{"line":57,"column":0},"end":{"line":57,"column":26}},"57":{"start":{"line":58,"column":0},"end":{"line":58,"column":6}},"59":{"start":{"line":60,"column":0},"end":{"line":60,"column":50}},"60":{"start":{"line":61,"column":0},"end":{"line":61,"column":15}},"61":{"start":{"line":62,"column":0},"end":{"line":62,"column":17}},"62":{"start":{"line":63,"column":0},"end":{"line":63,"column":17}},"63":{"start":{"line":64,"column":0},"end":{"line":64,"column":10}},"64":{"start":{"line":65,"column":0},"end":{"line":65,"column":6}},"66":{"start":{"line":67,"column":0},"end":{"line":67,"column":45}},"67":{"start":{"line":68,"column":0},"end":{"line":68,"column":31}},"68":{"start":{"line":69,"column":0},"end":{"line":69,"column":3}},"70":{"start":{"line":71,"column":0},"end":{"line":71,"column":42}},"71":{"start":{"line":72,"column":0},"end":{"line":72,"column":60}},"73":{"start":{"line":74,"column":0},"end":{"line":74,"column":53}},"74":{"start":{"line":75,"column":0},"end":{"line":75,"column":12}},"75":{"start":{"line":76,"column":0},"end":{"line":76,"column":16}},"76":{"start":{"line":77,"column":0},"end":{"line":77,"column":11}},"77":{"start":{"line":78,"column":0},"end":{"line":78,"column":21}},"78":{"start":{"line":79,"column":0},"end":{"line":79,"column":6}},"80":{"start":{"line":81,"column":0},"end":{"line":81,"column":51}},"81":{"start":{"line":82,"column":0},"end":{"line":82,"column":14}},"82":{"start":{"line":83,"column":0},"end":{"line":83,"column":19}},"83":{"start":{"line":84,"column":0},"end":{"line":84,"column":12}},"84":{"start":{"line":85,"column":0},"end":{"line":85,"column":10}},"85":{"start":{"line":86,"column":0},"end":{"line":86,"column":6}},"86":{"start":{"line":87,"column":0},"end":{"line":87,"column":39}},"88":{"start":{"line":89,"column":0},"end":{"line":89,"column":64}},"90":{"start":{"line":91,"column":0},"end":{"line":91,"column":51}},"91":{"start":{"line":92,"column":0},"end":{"line":92,"column":14}},"92":{"start":{"line":93,"column":0},"end":{"line":93,"column":19}},"93":{"start":{"line":94,"column":0},"end":{"line":94,"column":11}},"94":{"start":{"line":95,"column":0},"end":{"line":95,"column":10}},"95":{"start":{"line":96,"column":0},"end":{"line":96,"column":6}},"96":{"start":{"line":97,"column":0},"end":{"line":97,"column":27}},"97":{"start":{"line":98,"column":0},"end":{"line":98,"column":23}},"98":{"start":{"line":99,"column":0},"end":{"line":99,"column":41}},"99":{"start":{"line":100,"column":0},"end":{"line":100,"column":3}},"101":{"start":{"line":102,"column":0},"end":{"line":102,"column":47}},"102":{"start":{"line":103,"column":0},"end":{"line":103,"column":52}},"104":{"start":{"line":105,"column":0},"end":{"line":105,"column":54}},"105":{"start":{"line":106,"column":0},"end":{"line":106,"column":12}},"106":{"start":{"line":107,"column":0},"end":{"line":107,"column":16}},"107":{"start":{"line":108,"column":0},"end":{"line":108,"column":11}},"108":{"start":{"line":109,"column":0},"end":{"line":109,"column":24}},"109":{"start":{"line":110,"column":0},"end":{"line":110,"column":6}},"111":{"start":{"line":112,"column":0},"end":{"line":112,"column":52}},"112":{"start":{"line":113,"column":0},"end":{"line":113,"column":14}},"113":{"start":{"line":114,"column":0},"end":{"line":114,"column":20}},"114":{"start":{"line":115,"column":0},"end":{"line":115,"column":12}},"115":{"start":{"line":116,"column":0},"end":{"line":116,"column":10}},"116":{"start":{"line":117,"column":0},"end":{"line":117,"column":6}},"118":{"start":{"line":119,"column":0},"end":{"line":119,"column":40}},"120":{"start":{"line":121,"column":0},"end":{"line":121,"column":65}},"122":{"start":{"line":123,"column":0},"end":{"line":123,"column":54}},"123":{"start":{"line":124,"column":0},"end":{"line":124,"column":15}},"124":{"start":{"line":125,"column":0},"end":{"line":125,"column":20}},"125":{"start":{"line":126,"column":0},"end":{"line":126,"column":11}},"126":{"start":{"line":127,"column":0},"end":{"line":127,"column":10}},"127":{"start":{"line":128,"column":0},"end":{"line":128,"column":6}},"128":{"start":{"line":129,"column":0},"end":{"line":129,"column":43}},"129":{"start":{"line":130,"column":0},"end":{"line":130,"column":26}},"131":{"start":{"line":132,"column":0},"end":{"line":132,"column":33}},"132":{"start":{"line":133,"column":0},"end":{"line":133,"column":52}},"133":{"start":{"line":134,"column":0},"end":{"line":134,"column":17}},"134":{"start":{"line":135,"column":0},"end":{"line":135,"column":22}},"135":{"start":{"line":136,"column":0},"end":{"line":136,"column":15}},"136":{"start":{"line":137,"column":0},"end":{"line":137,"column":12}},"137":{"start":{"line":138,"column":0},"end":{"line":138,"column":8}},"138":{"start":{"line":139,"column":0},"end":{"line":139,"column":46}},"139":{"start":{"line":140,"column":0},"end":{"line":140,"column":7}},"140":{"start":{"line":141,"column":0},"end":{"line":141,"column":3}},"142":{"start":{"line":143,"column":0},"end":{"line":143,"column":25}},"143":{"start":{"line":144,"column":0},"end":{"line":144,"column":49}},"144":{"start":{"line":145,"column":0},"end":{"line":145,"column":22}},"145":{"start":{"line":146,"column":0},"end":{"line":146,"column":43}},"146":{"start":{"line":147,"column":0},"end":{"line":147,"column":26}},"147":{"start":{"line":148,"column":0},"end":{"line":148,"column":7}},"148":{"start":{"line":149,"column":0},"end":{"line":149,"column":3}},"150":{"start":{"line":151,"column":0},"end":{"line":151,"column":26}},"151":{"start":{"line":152,"column":0},"end":{"line":152,"column":63}},"152":{"start":{"line":153,"column":0},"end":{"line":153,"column":47}},"153":{"start":{"line":154,"column":0},"end":{"line":154,"column":25}},"154":{"start":{"line":155,"column":0},"end":{"line":155,"column":39}},"155":{"start":{"line":156,"column":0},"end":{"line":156,"column":7}},"156":{"start":{"line":157,"column":0},"end":{"line":157,"column":31}},"157":{"start":{"line":158,"column":0},"end":{"line":158,"column":3}},"159":{"start":{"line":160,"column":0},"end":{"line":160,"column":29}},"160":{"start":{"line":161,"column":0},"end":{"line":161,"column":67}},"161":{"start":{"line":162,"column":0},"end":{"line":162,"column":63}},"163":{"start":{"line":164,"column":0},"end":{"line":164,"column":51}},"164":{"start":{"line":165,"column":0},"end":{"line":165,"column":25}},"165":{"start":{"line":166,"column":0},"end":{"line":166,"column":39}},"166":{"start":{"line":167,"column":0},"end":{"line":167,"column":7}},"167":{"start":{"line":168,"column":0},"end":{"line":168,"column":31}},"168":{"start":{"line":169,"column":0},"end":{"line":169,"column":3}},"169":{"start":{"line":170,"column":0},"end":{"line":170,"column":1}}},"s":{"0":1,"1":1,"2":1,"4":1,"5":1,"6":40,"7":1,"8":1,"10":40,"11":1,"12":1,"14":38,"15":38,"16":38,"17":38,"18":38,"19":38,"21":38,"22":38,"23":38,"24":38,"25":38,"26":38,"27":38,"29":38,"30":38,"31":38,"32":38,"33":38,"34":38,"36":38,"37":38,"38":38,"39":38,"40":38,"41":38,"43":38,"45":38,"46":38,"48":38,"49":40,"51":1,"52":39,"53":39,"54":39,"55":39,"56":39,"57":39,"59":39,"60":39,"61":39,"62":39,"63":39,"64":39,"66":39,"67":39,"68":39,"70":1,"71":115,"73":115,"74":115,"75":115,"76":115,"77":115,"78":115,"80":115,"81":115,"82":115,"83":115,"84":115,"85":115,"86":115,"88":115,"90":115,"91":115,"92":115,"93":115,"94":115,"95":115,"96":115,"97":115,"98":115,"99":115,"101":1,"102":39,"104":39,"105":39,"106":39,"107":39,"108":39,"109":39,"111":39,"112":39,"113":39,"114":39,"115":39,"116":39,"118":39,"120":39,"122":39,"123":39,"124":39,"125":39,"126":39,"127":39,"128":39,"129":39,"131":39,"132":78,"133":78,"134":78,"135":78,"136":78,"137":78,"138":78,"139":39,"140":39,"142":1,"143":44,"144":44,"145":43,"146":8,"147":43,"148":44,"150":1,"151":21,"152":21,"153":3,"154":3,"155":21,"156":21,"157":21,"159":1,"160":21,"161":21,"163":21,"164":3,"165":3,"166":21,"167":21,"168":21,"169":1},"branchMap":{"0":{"type":"branch","line":6,"loc":{"start":{"line":6,"column":2},"end":{"line":50,"column":3}},"locations":[{"start":{"line":6,"column":2},"end":{"line":50,"column":3}}]},"1":{"type":"branch","line":7,"loc":{"start":{"line":7,"column":72},"end":{"line":9,"column":5}},"locations":[{"start":{"line":7,"column":72},"end":{"line":9,"column":5}}]},"2":{"type":"branch","line":9,"loc":{"start":{"line":9,"column":4},"end":{"line":11,"column":74}},"locations":[{"start":{"line":9,"column":4},"end":{"line":11,"column":74}}]},"3":{"type":"branch","line":11,"loc":{"start":{"line":11,"column":76},"end":{"line":13,"column":5}},"locations":[{"start":{"line":11,"column":76},"end":{"line":13,"column":5}}]},"4":{"type":"branch","line":13,"loc":{"start":{"line":13,"column":4},"end":{"line":50,"column":2}},"locations":[{"start":{"line":13,"column":4},"end":{"line":50,"column":2}}]},"5":{"type":"branch","line":46,"loc":{"start":{"line":46,"column":28},"end":{"line":46,"column":73}},"locations":[{"start":{"line":46,"column":28},"end":{"line":46,"column":73}}]},"6":{"type":"branch","line":47,"loc":{"start":{"line":47,"column":30},"end":{"line":47,"column":84}},"locations":[{"start":{"line":47,"column":30},"end":{"line":47,"column":84}}]},"7":{"type":"branch","line":52,"loc":{"start":{"line":52,"column":2},"end":{"line":69,"column":3}},"locations":[{"start":{"line":52,"column":2},"end":{"line":69,"column":3}}]},"8":{"type":"branch","line":71,"loc":{"start":{"line":71,"column":2},"end":{"line":100,"column":3}},"locations":[{"start":{"line":71,"column":2},"end":{"line":100,"column":3}}]},"9":{"type":"branch","line":102,"loc":{"start":{"line":102,"column":2},"end":{"line":141,"column":3}},"locations":[{"start":{"line":102,"column":2},"end":{"line":141,"column":3}}]},"10":{"type":"branch","line":132,"loc":{"start":{"line":132,"column":20},"end":{"line":140,"column":5}},"locations":[{"start":{"line":132,"column":20},"end":{"line":140,"column":5}}]},"11":{"type":"branch","line":143,"loc":{"start":{"line":143,"column":2},"end":{"line":149,"column":3}},"locations":[{"start":{"line":143,"column":2},"end":{"line":149,"column":3}}]},"12":{"type":"branch","line":145,"loc":{"start":{"line":145,"column":15},"end":{"line":145,"column":22}},"locations":[{"start":{"line":145,"column":15},"end":{"line":145,"column":22}}]},"13":{"type":"branch","line":145,"loc":{"start":{"line":145,"column":21},"end":{"line":149,"column":2}},"locations":[{"start":{"line":145,"column":21},"end":{"line":149,"column":2}}]},"14":{"type":"branch","line":146,"loc":{"start":{"line":146,"column":35},"end":{"line":148,"column":5}},"locations":[{"start":{"line":146,"column":35},"end":{"line":148,"column":5}}]},"15":{"type":"branch","line":151,"loc":{"start":{"line":151,"column":2},"end":{"line":158,"column":3}},"locations":[{"start":{"line":151,"column":2},"end":{"line":158,"column":3}}]},"16":{"type":"branch","line":153,"loc":{"start":{"line":153,"column":39},"end":{"line":156,"column":5}},"locations":[{"start":{"line":153,"column":39},"end":{"line":156,"column":5}}]},"17":{"type":"branch","line":160,"loc":{"start":{"line":160,"column":2},"end":{"line":169,"column":3}},"locations":[{"start":{"line":160,"column":2},"end":{"line":169,"column":3}}]},"18":{"type":"branch","line":164,"loc":{"start":{"line":164,"column":43},"end":{"line":167,"column":5}},"locations":[{"start":{"line":164,"column":43},"end":{"line":167,"column":5}}]}},"b":{"0":[40],"1":[1],"2":[39],"3":[1],"4":[38],"5":[114],"6":[38],"7":[39],"8":[115],"9":[39],"10":[78],"11":[44],"12":[1],"13":[43],"14":[8],"15":[21],"16":[3],"17":[21],"18":[3]},"fnMap":{"0":{"name":"renderBookForm","decl":{"start":{"line":6,"column":2},"end":{"line":50,"column":3}},"loc":{"start":{"line":6,"column":2},"end":{"line":50,"column":3}},"line":6},"1":{"name":"inputSubmitBtn","decl":{"start":{"line":52,"column":2},"end":{"line":69,"column":3}},"loc":{"start":{"line":52,"column":2},"end":{"line":69,"column":3}},"line":52},"2":{"name":"inputFields","decl":{"start":{"line":71,"column":2},"end":{"line":100,"column":3}},"loc":{"start":{"line":71,"column":2},"end":{"line":100,"column":3}},"line":71},"3":{"name":"dropDownFields","decl":{"start":{"line":102,"column":2},"end":{"line":141,"column":3}},"loc":{"start":{"line":102,"column":2},"end":{"line":141,"column":3}},"line":102},"4":{"name":"stopFormPropagation","decl":{"start":{"line":143,"column":2},"end":{"line":149,"column":3}},"loc":{"start":{"line":143,"column":2},"end":{"line":149,"column":3}},"line":143},"5":{"name":"formContainerHandler","decl":{"start":{"line":151,"column":2},"end":{"line":158,"column":3}},"loc":{"start":{"line":151,"column":2},"end":{"line":158,"column":3}},"line":151},"6":{"name":"formElementCloseHandler","decl":{"start":{"line":160,"column":2},"end":{"line":169,"column":3}},"loc":{"start":{"line":160,"column":2},"end":{"line":169,"column":3}},"line":160}},"f":{"0":40,"1":39,"2":115,"3":39,"4":44,"5":21,"6":21}}
,"/Users/umar/Documents/github revisit/book-tracker-js/src/js-components/RenderInput.js": {"path":"/Users/umar/Documents/github revisit/book-tracker-js/src/js-components/RenderInput.js","all":false,"statementMap":{"0":{"start":{"line":1,"column":0},"end":{"line":1,"column":64}},"2":{"start":{"line":3,"column":0},"end":{"line":3,"column":34}},"3":{"start":{"line":4,"column":0},"end":{"line":4,"column":44}},"4":{"start":{"line":5,"column":0},"end":{"line":5,"column":37}},"5":{"start":{"line":6,"column":0},"end":{"line":6,"column":39}},"6":{"start":{"line":7,"column":0},"end":{"line":7,"column":3}},"8":{"start":{"line":9,"column":0},"end":{"line":9,"column":20}},"9":{"start":{"line":10,"column":0},"end":{"line":10,"column":59}},"11":{"start":{"line":12,"column":0},"end":{"line":12,"column":48}},"12":{"start":{"line":13,"column":0},"end":{"line":13,"column":25}},"13":{"start":{"line":14,"column":0},"end":{"line":14,"column":35}},"14":{"start":{"line":15,"column":0},"end":{"line":15,"column":77}},"15":{"start":{"line":16,"column":0},"end":{"line":16,"column":38}},"16":{"start":{"line":17,"column":0},"end":{"line":17,"column":37}},"17":{"start":{"line":18,"column":0},"end":{"line":18,"column":22}},"18":{"start":{"line":19,"column":0},"end":{"line":19,"column":38}},"19":{"start":{"line":20,"column":0},"end":{"line":20,"column":37}},"20":{"start":{"line":21,"column":0},"end":{"line":21,"column":22}},"21":{"start":{"line":22,"column":0},"end":{"line":22,"column":77}},"23":{"start":{"line":24,"column":0},"end":{"line":24,"column":59}},"24":{"start":{"line":25,"column":0},"end":{"line":25,"column":34}},"25":{"start":{"line":26,"column":0},"end":{"line":26,"column":65}},"26":{"start":{"line":27,"column":0},"end":{"line":27,"column":10}},"27":{"start":{"line":28,"column":0},"end":{"line":28,"column":15}},"28":{"start":{"line":29,"column":0},"end":{"line":29,"column":7}},"30":{"start":{"line":31,"column":0},"end":{"line":31,"column":69}},"31":{"start":{"line":32,"column":0},"end":{"line":32,"column":72}},"32":{"start":{"line":33,"column":0},"end":{"line":33,"column":15}},"33":{"start":{"line":34,"column":0},"end":{"line":34,"column":7}},"35":{"start":{"line":36,"column":0},"end":{"line":36,"column":35}},"36":{"start":{"line":37,"column":0},"end":{"line":37,"column":18}},"37":{"start":{"line":38,"column":0},"end":{"line":38,"column":22}},"38":{"start":{"line":39,"column":0},"end":{"line":39,"column":24}},"39":{"start":{"line":40,"column":0},"end":{"line":40,"column":24}},"40":{"start":{"line":41,"column":0},"end":{"line":41,"column":21}},"41":{"start":{"line":42,"column":0},"end":{"line":42,"column":8}},"43":{"start":{"line":44,"column":0},"end":{"line":44,"column":39}},"45":{"start":{"line":46,"column":0},"end":{"line":46,"column":72}},"47":{"start":{"line":48,"column":0},"end":{"line":48,"column":23}},"48":{"start":{"line":49,"column":0},"end":{"line":49,"column":59}},"49":{"start":{"line":50,"column":0},"end":{"line":50,"column":7}},"50":{"start":{"line":51,"column":0},"end":{"line":51,"column":3}},"52":{"start":{"line":53,"column":0},"end":{"line":53,"column":15}},"53":{"start":{"line":54,"column":0},"end":{"line":54,"column":51}},"54":{"start":{"line":55,"column":0},"end":{"line":55,"column":53}},"55":{"start":{"line":56,"column":0},"end":{"line":56,"column":53}},"56":{"start":{"line":57,"column":0},"end":{"line":57,"column":54}},"57":{"start":{"line":58,"column":0},"end":{"line":58,"column":3}},"58":{"start":{"line":59,"column":0},"end":{"line":59,"column":1}}},"s":{"0":1,"2":1,"3":1,"4":24,"5":24,"6":24,"8":1,"9":29,"11":29,"12":5,"13":5,"14":5,"15":5,"16":5,"17":5,"18":5,"19":5,"20":5,"21":5,"23":5,"24":3,"25":3,"26":3,"27":3,"28":3,"30":5,"31":1,"32":1,"33":1,"35":1,"36":1,"37":1,"38":1,"39":1,"40":1,"41":1,"43":1,"45":1,"47":1,"48":1,"49":29,"50":29,"52":1,"53":2,"54":2,"55":2,"56":2,"57":2,"58":1},"branchMap":{"0":{"type":"branch","line":4,"loc":{"start":{"line":4,"column":2},"end":{"line":7,"column":3}},"locations":[{"start":{"line":4,"column":2},"end":{"line":7,"column":3}}]},"1":{"type":"branch","line":9,"loc":{"start":{"line":9,"column":2},"end":{"line":51,"column":3}},"locations":[{"start":{"line":9,"column":2},"end":{"line":51,"column":3}}]},"2":{"type":"branch","line":12,"loc":{"start":{"line":12,"column":40},"end":{"line":50,"column":5}},"locations":[{"start":{"line":12,"column":40},"end":{"line":50,"column":5}}]},"3":{"type":"branch","line":24,"loc":{"start":{"line":24,"column":31},"end":{"line":24,"column":56}},"locations":[{"start":{"line":24,"column":31},"end":{"line":24,"column":56}}]},"4":{"type":"branch","line":24,"loc":{"start":{"line":24,"column":58},"end":{"line":29,"column":7}},"locations":[{"start":{"line":24,"column":58},"end":{"line":29,"column":7}}]},"5":{"type":"branch","line":29,"loc":{"start":{"line":29,"column":6},"end":{"line":31,"column":66}},"locations":[{"start":{"line":29,"column":6},"end":{"line":31,"column":66}}]},"6":{"type":"branch","line":31,"loc":{"start":{"line":31,"column":68},"end":{"line":50,"column":4}},"locations":[{"start":{"line":31,"column":68},"end":{"line":50,"column":4}}]},"7":{"type":"branch","line":53,"loc":{"start":{"line":53,"column":2},"end":{"line":58,"column":3}},"locations":[{"start":{"line":53,"column":2},"end":{"line":58,"column":3}}]}},"b":{"0":[24],"1":[29],"2":[5],"3":[2],"4":[3],"5":[2],"6":[1],"7":[2]},"fnMap":{"0":{"name":"RenderInput","decl":{"start":{"line":4,"column":2},"end":{"line":7,"column":3}},"loc":{"start":{"line":4,"column":2},"end":{"line":7,"column":3}},"line":4},"1":{"name":"initializeForm","decl":{"start":{"line":9,"column":2},"end":{"line":51,"column":3}},"loc":{"start":{"line":9,"column":2},"end":{"line":51,"column":3}},"line":9},"2":{"name":"resetForm","decl":{"start":{"line":53,"column":2},"end":{"line":58,"column":3}},"loc":{"start":{"line":53,"column":2},"end":{"line":58,"column":3}},"line":53}},"f":{"0":24,"1":29,"2":2}}
,"/Users/umar/Documents/github revisit/book-tracker-js/src/js-components/RenderTracker.js": {"path":"/Users/umar/Documents/github revisit/book-tracker-js/src/js-components/RenderTracker.js","all":false,"statementMap":{"0":{"start":{"line":1,"column":0},"end":{"line":1,"column":62}},"1":{"start":{"line":2,"column":0},"end":{"line":2,"column":64}},"2":{"start":{"line":3,"column":0},"end":{"line":3,"column":54}},"3":{"start":{"line":4,"column":0},"end":{"line":4,"column":50}},"4":{"start":{"line":5,"column":0},"end":{"line":5,"column":50}},"6":{"start":{"line":7,"column":0},"end":{"line":7,"column":36}},"7":{"start":{"line":8,"column":0},"end":{"line":8,"column":49}},"8":{"start":{"line":9,"column":0},"end":{"line":9,"column":37}},"9":{"start":{"line":10,"column":0},"end":{"line":10,"column":29}},"10":{"start":{"line":11,"column":0},"end":{"line":11,"column":29}},"11":{"start":{"line":12,"column":0},"end":{"line":12,"column":54}},"12":{"start":{"line":13,"column":0},"end":{"line":13,"column":16}},"13":{"start":{"line":14,"column":0},"end":{"line":14,"column":28}},"14":{"start":{"line":15,"column":0},"end":{"line":15,"column":11}},"15":{"start":{"line":16,"column":0},"end":{"line":16,"column":23}},"16":{"start":{"line":17,"column":0},"end":{"line":17,"column":6}},"17":{"start":{"line":18,"column":0},"end":{"line":18,"column":3}},"19":{"start":{"line":20,"column":0},"end":{"line":20,"column":17}},"20":{"start":{"line":21,"column":0},"end":{"line":21,"column":30}},"21":{"start":{"line":22,"column":0},"end":{"line":22,"column":41}},"22":{"start":{"line":23,"column":0},"end":{"line":23,"column":5}},"24":{"start":{"line":25,"column":0},"end":{"line":25,"column":57}},"25":{"start":{"line":26,"column":0},"end":{"line":26,"column":12}},"26":{"start":{"line":27,"column":0},"end":{"line":27,"column":26}},"27":{"start":{"line":28,"column":0},"end":{"line":28,"column":11}},"28":{"start":{"line":29,"column":0},"end":{"line":29,"column":25}},"29":{"start":{"line":30,"column":0},"end":{"line":30,"column":6}},"31":{"start":{"line":32,"column":0},"end":{"line":32,"column":37}},"32":{"start":{"line":33,"column":0},"end":{"line":33,"column":67}},"33":{"start":{"line":34,"column":0},"end":{"line":34,"column":33}},"34":{"start":{"line":35,"column":0},"end":{"line":35,"column":27}},"35":{"start":{"line":36,"column":0},"end":{"line":36,"column":17}},"36":{"start":{"line":37,"column":0},"end":{"line":37,"column":21}},"37":{"start":{"line":38,"column":0},"end":{"line":38,"column":19}},"38":{"start":{"line":39,"column":0},"end":{"line":39,"column":21}},"39":{"start":{"line":40,"column":0},"end":{"line":40,"column":18}},"40":{"start":{"line":41,"column":0},"end":{"line":41,"column":10}},"41":{"start":{"line":42,"column":0},"end":{"line":42,"column":7}},"42":{"start":{"line":43,"column":0},"end":{"line":43,"column":6}},"44":{"start":{"line":45,"column":0},"end":{"line":45,"column":38}},"45":{"start":{"line":46,"column":0},"end":{"line":46,"column":36}},"46":{"start":{"line":47,"column":0},"end":{"line":47,"column":3}},"48":{"start":{"line":49,"column":0},"end":{"line":49,"column":22}},"49":{"start":{"line":50,"column":0},"end":{"line":50,"column":21}},"50":{"start":{"line":51,"column":0},"end":{"line":51,"column":11}},"51":{"start":{"line":52,"column":0},"end":{"line":52,"column":13}},"52":{"start":{"line":53,"column":0},"end":{"line":53,"column":15}},"53":{"start":{"line":54,"column":0},"end":{"line":54,"column":15}},"54":{"start":{"line":55,"column":0},"end":{"line":55,"column":12}},"55":{"start":{"line":56,"column":0},"end":{"line":56,"column":5}},"56":{"start":{"line":57,"column":0},"end":{"line":57,"column":55}},"57":{"start":{"line":58,"column":0},"end":{"line":58,"column":12}},"58":{"start":{"line":59,"column":0},"end":{"line":59,"column":23}},"59":{"start":{"line":60,"column":0},"end":{"line":60,"column":11}},"60":{"start":{"line":61,"column":0},"end":{"line":61,"column":23}},"61":{"start":{"line":62,"column":0},"end":{"line":62,"column":6}},"63":{"start":{"line":64,"column":0},"end":{"line":64,"column":51}},"65":{"start":{"line":66,"column":0},"end":{"line":66,"column":32}},"66":{"start":{"line":67,"column":0},"end":{"line":67,"column":11}},"67":{"start":{"line":68,"column":0},"end":{"line":68,"column":21}},"68":{"start":{"line":69,"column":0},"end":{"line":69,"column":26}},"69":{"start":{"line":70,"column":0},"end":{"line":70,"column":20}},"70":{"start":{"line":71,"column":0},"end":{"line":71,"column":6}},"72":{"start":{"line":73,"column":0},"end":{"line":73,"column":32}},"73":{"start":{"line":74,"column":0},"end":{"line":74,"column":11}},"74":{"start":{"line":75,"column":0},"end":{"line":75,"column":21}},"75":{"start":{"line":76,"column":0},"end":{"line":76,"column":30}},"76":{"start":{"line":77,"column":0},"end":{"line":77,"column":22}},"77":{"start":{"line":78,"column":0},"end":{"line":78,"column":6}},"79":{"start":{"line":80,"column":0},"end":{"line":80,"column":32}},"80":{"start":{"line":81,"column":0},"end":{"line":81,"column":10}},"81":{"start":{"line":82,"column":0},"end":{"line":82,"column":21}},"82":{"start":{"line":83,"column":0},"end":{"line":83,"column":29}},"83":{"start":{"line":84,"column":0},"end":{"line":84,"column":21}},"84":{"start":{"line":85,"column":0},"end":{"line":85,"column":6}},"86":{"start":{"line":87,"column":0},"end":{"line":87,"column":49}},"87":{"start":{"line":88,"column":0},"end":{"line":88,"column":10}},"88":{"start":{"line":89,"column":0},"end":{"line":89,"column":21}},"89":{"start":{"line":90,"column":0},"end":{"line":90,"column":11}},"90":{"start":{"line":91,"column":0},"end":{"line":91,"column":21}},"91":{"start":{"line":92,"column":0},"end":{"line":92,"column":6}},"93":{"start":{"line":94,"column":0},"end":{"line":94,"column":102}},"95":{"start":{"line":96,"column":0},"end":{"line":96,"column":48}},"96":{"start":{"line":97,"column":0},"end":{"line":97,"column":15}},"97":{"start":{"line":98,"column":0},"end":{"line":98,"column":21}},"98":{"start":{"line":99,"column":0},"end":{"line":99,"column":11}},"99":{"start":{"line":100,"column":0},"end":{"line":100,"column":16}},"100":{"start":{"line":101,"column":0},"end":{"line":101,"column":6}},"102":{"start":{"line":103,"column":0},"end":{"line":103,"column":49}},"103":{"start":{"line":104,"column":0},"end":{"line":104,"column":12}},"104":{"start":{"line":105,"column":0},"end":{"line":105,"column":14}},"105":{"start":{"line":106,"column":0},"end":{"line":106,"column":11}},"106":{"start":{"line":107,"column":0},"end":{"line":107,"column":17}},"107":{"start":{"line":108,"column":0},"end":{"line":108,"column":6}},"109":{"start":{"line":110,"column":0},"end":{"line":110,"column":28}},"110":{"start":{"line":111,"column":0},"end":{"line":111,"column":26}},"112":{"start":{"line":113,"column":0},"end":{"line":113,"column":50}},"113":{"start":{"line":114,"column":0},"end":{"line":114,"column":15}},"114":{"start":{"line":115,"column":0},"end":{"line":115,"column":21}},"115":{"start":{"line":116,"column":0},"end":{"line":116,"column":11}},"116":{"start":{"line":117,"column":0},"end":{"line":117,"column":18}},"117":{"start":{"line":118,"column":0},"end":{"line":118,"column":6}},"119":{"start":{"line":120,"column":0},"end":{"line":120,"column":51}},"120":{"start":{"line":121,"column":0},"end":{"line":121,"column":12}},"121":{"start":{"line":122,"column":0},"end":{"line":122,"column":16}},"122":{"start":{"line":123,"column":0},"end":{"line":123,"column":11}},"123":{"start":{"line":124,"column":0},"end":{"line":124,"column":19}},"124":{"start":{"line":125,"column":0},"end":{"line":125,"column":6}},"126":{"start":{"line":127,"column":0},"end":{"line":127,"column":32}},"127":{"start":{"line":128,"column":0},"end":{"line":128,"column":30}},"128":{"start":{"line":129,"column":0},"end":{"line":129,"column":3}},"130":{"start":{"line":131,"column":0},"end":{"line":131,"column":33}},"131":{"start":{"line":132,"column":0},"end":{"line":132,"column":78}},"132":{"start":{"line":133,"column":0},"end":{"line":133,"column":3}},"134":{"start":{"line":135,"column":0},"end":{"line":135,"column":48}},"135":{"start":{"line":136,"column":0},"end":{"line":136,"column":21}},"137":{"start":{"line":138,"column":0},"end":{"line":138,"column":35}},"138":{"start":{"line":139,"column":0},"end":{"line":139,"column":37}},"139":{"start":{"line":140,"column":0},"end":{"line":140,"column":26}},"140":{"start":{"line":141,"column":0},"end":{"line":141,"column":30}},"141":{"start":{"line":142,"column":0},"end":{"line":142,"column":75}},"142":{"start":{"line":143,"column":0},"end":{"line":143,"column":5}},"144":{"start":{"line":145,"column":0},"end":{"line":145,"column":29}},"145":{"start":{"line":146,"column":0},"end":{"line":146,"column":73}},"146":{"start":{"line":147,"column":0},"end":{"line":147,"column":5}},"148":{"start":{"line":149,"column":0},"end":{"line":149,"column":29}},"149":{"start":{"line":150,"column":0},"end":{"line":150,"column":68}},"150":{"start":{"line":151,"column":0},"end":{"line":151,"column":19}},"151":{"start":{"line":152,"column":0},"end":{"line":152,"column":5}},"152":{"start":{"line":153,"column":0},"end":{"line":153,"column":3}},"154":{"start":{"line":155,"column":0},"end":{"line":155,"column":30}},"155":{"start":{"line":156,"column":0},"end":{"line":156,"column":47}},"156":{"start":{"line":157,"column":0},"end":{"line":157,"column":52}},"157":{"start":{"line":158,"column":0},"end":{"line":158,"column":57}},"159":{"start":{"line":160,"column":0},"end":{"line":160,"column":20}},"160":{"start":{"line":161,"column":0},"end":{"line":161,"column":67}},"161":{"start":{"line":162,"column":0},"end":{"line":162,"column":68}},"163":{"start":{"line":164,"column":0},"end":{"line":164,"column":60}},"164":{"start":{"line":165,"column":0},"end":{"line":165,"column":40}},"165":{"start":{"line":166,"column":0},"end":{"line":166,"column":38}},"166":{"start":{"line":167,"column":0},"end":{"line":167,"column":19}},"168":{"start":{"line":169,"column":0},"end":{"line":169,"column":47}},"169":{"start":{"line":170,"column":0},"end":{"line":170,"column":45}},"170":{"start":{"line":171,"column":0},"end":{"line":171,"column":29}},"171":{"start":{"line":172,"column":0},"end":{"line":172,"column":60}},"172":{"start":{"line":173,"column":0},"end":{"line":173,"column":10}},"173":{"start":{"line":174,"column":0},"end":{"line":174,"column":27}},"174":{"start":{"line":175,"column":0},"end":{"line":175,"column":67}},"175":{"start":{"line":176,"column":0},"end":{"line":176,"column":74}},"176":{"start":{"line":177,"column":0},"end":{"line":177,"column":76}},"178":{"start":{"line":179,"column":0},"end":{"line":179,"column":33}},"180":{"start":{"line":181,"column":0},"end":{"line":181,"column":71}},"181":{"start":{"line":182,"column":0},"end":{"line":182,"column":57}},"183":{"start":{"line":184,"column":0},"end":{"line":184,"column":29}},"184":{"start":{"line":185,"column":0},"end":{"line":185,"column":60}},"185":{"start":{"line":186,"column":0},"end":{"line":186,"column":10}},"186":{"start":{"line":187,"column":0},"end":{"line":187,"column":50}},"187":{"start":{"line":188,"column":0},"end":{"line":188,"column":55}},"188":{"start":{"line":189,"column":0},"end":{"line":189,"column":42}},"190":{"start":{"line":191,"column":0},"end":{"line":191,"column":27}},"191":{"start":{"line":192,"column":0},"end":{"line":192,"column":58}},"192":{"start":{"line":193,"column":0},"end":{"line":193,"column":7}},"193":{"start":{"line":194,"column":0},"end":{"line":194,"column":7}},"194":{"start":{"line":195,"column":0},"end":{"line":195,"column":3}},"196":{"start":{"line":197,"column":0},"end":{"line":197,"column":29}},"197":{"start":{"line":198,"column":0},"end":{"line":198,"column":47}},"198":{"start":{"line":199,"column":0},"end":{"line":199,"column":56}},"200":{"start":{"line":201,"column":0},"end":{"line":201,"column":22}},"201":{"start":{"line":202,"column":0},"end":{"line":202,"column":69}},"202":{"start":{"line":203,"column":0},"end":{"line":203,"column":39}},"203":{"start":{"line":204,"column":0},"end":{"line":204,"column":41}},"204":{"start":{"line":205,"column":0},"end":{"line":205,"column":30}},"206":{"start":{"line":207,"column":0},"end":{"line":207,"column":70}},"208":{"start":{"line":209,"column":0},"end":{"line":209,"column":48}},"209":{"start":{"line":210,"column":0},"end":{"line":210,"column":27}},"210":{"start":{"line":211,"column":0},"end":{"line":211,"column":34}},"211":{"start":{"line":212,"column":0},"end":{"line":212,"column":69}},"212":{"start":{"line":213,"column":0},"end":{"line":213,"column":10}},"213":{"start":{"line":214,"column":0},"end":{"line":214,"column":7}},"214":{"start":{"line":215,"column":0},"end":{"line":215,"column":7}},"215":{"start":{"line":216,"column":0},"end":{"line":216,"column":3}},"216":{"start":{"line":217,"column":0},"end":{"line":217,"column":1}}},"s":{"0":1,"1":1,"2":1,"3":1,"4":1,"6":1,"7":1,"8":42,"9":42,"10":42,"11":42,"12":42,"13":42,"14":42,"15":42,"16":42,"17":42,"19":1,"20":58,"21":58,"22":58,"24":58,"25":58,"26":58,"27":58,"28":58,"29":58,"31":58,"32":58,"33":59,"34":59,"35":59,"36":59,"37":59,"38":59,"39":59,"40":59,"41":59,"42":58,"44":58,"45":58,"46":58,"48":1,"49":62,"50":62,"51":62,"52":62,"53":62,"54":62,"55":62,"56":62,"57":62,"58":62,"59":62,"60":62,"61":62,"63":62,"65":62,"66":62,"67":62,"68":62,"69":62,"70":62,"72":62,"73":62,"74":62,"75":62,"76":62,"77":62,"79":62,"80":62,"81":62,"82":62,"83":62,"84":62,"86":62,"87":62,"88":62,"89":62,"90":62,"91":62,"93":62,"95":62,"96":62,"97":62,"98":62,"99":62,"100":62,"102":62,"103":62,"104":62,"105":62,"106":62,"107":62,"109":62,"110":62,"112":62,"113":62,"114":62,"115":62,"116":62,"117":62,"119":62,"120":62,"121":62,"122":62,"123":62,"124":62,"126":62,"127":62,"128":62,"130":1,"131":8,"132":8,"134":1,"135":6,"137":6,"138":6,"139":6,"140":6,"141":5,"142":5,"144":6,"145":1,"146":1,"148":6,"149":6,"150":6,"151":6,"152":6,"154":1,"155":29,"156":81,"157":81,"159":81,"160":5,"161":5,"163":5,"164":5,"165":5,"166":5,"168":5,"169":5,"170":5,"171":5,"172":5,"173":81,"174":4,"175":4,"176":4,"178":4,"180":4,"181":4,"183":4,"184":4,"185":4,"186":4,"187":4,"188":4,"190":4,"191":4,"192":4,"193":29,"194":29,"196":1,"197":28,"198":72,"200":72,"201":0,"202":0,"203":0,"204":0,"206":0,"208":0,"209":0,"210":0,"211":0,"212":0,"213":0,"214":28,"215":28,"216":1},"branchMap":{"0":{"type":"branch","line":8,"loc":{"start":{"line":8,"column":2},"end":{"line":18,"column":3}},"locations":[{"start":{"line":8,"column":2},"end":{"line":18,"column":3}}]},"1":{"type":"branch","line":20,"loc":{"start":{"line":20,"column":2},"end":{"line":47,"column":3}},"locations":[{"start":{"line":20,"column":2},"end":{"line":47,"column":3}}]},"2":{"type":"branch","line":33,"loc":{"start":{"line":33,"column":6},"end":{"line":42,"column":7}},"locations":[{"start":{"line":33,"column":6},"end":{"line":42,"column":7}}]},"3":{"type":"branch","line":49,"loc":{"start":{"line":49,"column":2},"end":{"line":129,"column":3}},"locations":[{"start":{"line":49,"column":2},"end":{"line":129,"column":3}}]},"4":{"type":"branch","line":131,"loc":{"start":{"line":131,"column":2},"end":{"line":133,"column":3}},"locations":[{"start":{"line":131,"column":2},"end":{"line":133,"column":3}}]},"5":{"type":"branch","line":135,"loc":{"start":{"line":135,"column":2},"end":{"line":153,"column":3}},"locations":[{"start":{"line":135,"column":2},"end":{"line":153,"column":3}}]},"6":{"type":"branch","line":141,"loc":{"start":{"line":141,"column":29},"end":{"line":143,"column":5}},"locations":[{"start":{"line":141,"column":29},"end":{"line":143,"column":5}}]},"7":{"type":"branch","line":145,"loc":{"start":{"line":145,"column":28},"end":{"line":147,"column":5}},"locations":[{"start":{"line":145,"column":28},"end":{"line":147,"column":5}}]},"8":{"type":"branch","line":150,"loc":{"start":{"line":150,"column":22},"end":{"line":150,"column":66}},"locations":[{"start":{"line":150,"column":22},"end":{"line":150,"column":66}}]},"9":{"type":"branch","line":155,"loc":{"start":{"line":155,"column":2},"end":{"line":195,"column":3}},"locations":[{"start":{"line":155,"column":2},"end":{"line":195,"column":3}}]},"10":{"type":"branch","line":156,"loc":{"start":{"line":156,"column":39},"end":{"line":194,"column":5}},"locations":[{"start":{"line":156,"column":39},"end":{"line":194,"column":5}}]},"11":{"type":"branch","line":160,"loc":{"start":{"line":160,"column":19},"end":{"line":174,"column":7}},"locations":[{"start":{"line":160,"column":19},"end":{"line":174,"column":7}}]},"12":{"type":"branch","line":174,"loc":{"start":{"line":174,"column":7},"end":{"line":193,"column":7}},"locations":[{"start":{"line":174,"column":7},"end":{"line":193,"column":7}}]},"13":{"type":"branch","line":174,"loc":{"start":{"line":174,"column":26},"end":{"line":193,"column":7}},"locations":[{"start":{"line":174,"column":26},"end":{"line":193,"column":7}}]},"14":{"type":"branch","line":179,"loc":{"start":{"line":179,"column":27},"end":{"line":179,"column":33}},"locations":[{"start":{"line":179,"column":27},"end":{"line":179,"column":33}}]},"15":{"type":"branch","line":197,"loc":{"start":{"line":197,"column":2},"end":{"line":216,"column":3}},"locations":[{"start":{"line":197,"column":2},"end":{"line":216,"column":3}}]},"16":{"type":"branch","line":198,"loc":{"start":{"line":198,"column":39},"end":{"line":215,"column":5}},"locations":[{"start":{"line":198,"column":39},"end":{"line":215,"column":5}}]},"17":{"type":"branch","line":201,"loc":{"start":{"line":201,"column":21},"end":{"line":214,"column":7}},"locations":[{"start":{"line":201,"column":21},"end":{"line":214,"column":7}}]}},"b":{"0":[42],"1":[58],"2":[59],"3":[62],"4":[8],"5":[6],"6":[5],"7":[1],"8":[6],"9":[29],"10":[81],"11":[5],"12":[76],"13":[4],"14":[0],"15":[28],"16":[72],"17":[0]},"fnMap":{"0":{"name":"RenderTracker","decl":{"start":{"line":8,"column":2},"end":{"line":18,"column":3}},"loc":{"start":{"line":8,"column":2},"end":{"line":18,"column":3}},"line":8},"1":{"name":"renderBooks","decl":{"start":{"line":20,"column":2},"end":{"line":47,"column":3}},"loc":{"start":{"line":20,"column":2},"end":{"line":47,"column":3}},"line":20},"2":{"name":"renderBooksElements","decl":{"start":{"line":49,"column":2},"end":{"line":129,"column":3}},"loc":{"start":{"line":49,"column":2},"end":{"line":129,"column":3}},"line":49},"3":{"name":"capitalizeEditValue","decl":{"start":{"line":131,"column":2},"end":{"line":133,"column":3}},"loc":{"start":{"line":131,"column":2},"end":{"line":133,"column":3}},"line":131},"4":{"name":"successfulEditMsg","decl":{"start":{"line":135,"column":2},"end":{"line":153,"column":3}},"loc":{"start":{"line":135,"column":2},"end":{"line":153,"column":3}},"line":135},"5":{"name":"attachEditAndDoneHandler","decl":{"start":{"line":155,"column":2},"end":{"line":195,"column":3}},"loc":{"start":{"line":155,"column":2},"end":{"line":195,"column":3}},"line":155},"6":{"name":"attachDeleteBookHandler","decl":{"start":{"line":197,"column":2},"end":{"line":216,"column":3}},"loc":{"start":{"line":197,"column":2},"end":{"line":216,"column":3}},"line":197}},"f":{"0":42,"1":58,"2":62,"3":8,"4":6,"5":29,"6":28}}
,"/Users/umar/Documents/github revisit/book-tracker-js/src/js-components/RenderUI.js": {"path":"/Users/umar/Documents/github revisit/book-tracker-js/src/js-components/RenderUI.js","all":false,"statementMap":{"0":{"start":{"line":1,"column":0},"end":{"line":1,"column":64}},"1":{"start":{"line":2,"column":0},"end":{"line":2,"column":62}},"2":{"start":{"line":3,"column":0},"end":{"line":3,"column":54}},"3":{"start":{"line":4,"column":0},"end":{"line":4,"column":64}},"4":{"start":{"line":5,"column":0},"end":{"line":5,"column":31}},"5":{"start":{"line":6,"column":0},"end":{"line":6,"column":17}},"6":{"start":{"line":7,"column":0},"end":{"line":7,"column":47}},"7":{"start":{"line":8,"column":0},"end":{"line":8,"column":13}},"8":{"start":{"line":9,"column":0},"end":{"line":9,"column":28}},"9":{"start":{"line":10,"column":0},"end":{"line":10,"column":11}},"10":{"start":{"line":11,"column":0},"end":{"line":11,"column":10}},"11":{"start":{"line":12,"column":0},"end":{"line":12,"column":6}},"13":{"start":{"line":14,"column":0},"end":{"line":14,"column":66}},"14":{"start":{"line":15,"column":0},"end":{"line":15,"column":16}},"15":{"start":{"line":16,"column":0},"end":{"line":16,"column":19}},"16":{"start":{"line":17,"column":0},"end":{"line":17,"column":11}},"17":{"start":{"line":18,"column":0},"end":{"line":18,"column":34}},"18":{"start":{"line":19,"column":0},"end":{"line":19,"column":6}},"19":{"start":{"line":20,"column":0},"end":{"line":20,"column":3}},"21":{"start":{"line":22,"column":0},"end":{"line":22,"column":26}},"22":{"start":{"line":23,"column":0},"end":{"line":23,"column":47}},"23":{"start":{"line":24,"column":0},"end":{"line":24,"column":57}},"24":{"start":{"line":25,"column":0},"end":{"line":25,"column":22}},"25":{"start":{"line":26,"column":0},"end":{"line":26,"column":72}},"26":{"start":{"line":27,"column":0},"end":{"line":27,"column":49}},"27":{"start":{"line":28,"column":0},"end":{"line":28,"column":65}},"28":{"start":{"line":29,"column":0},"end":{"line":29,"column":7}},"29":{"start":{"line":30,"column":0},"end":{"line":30,"column":7}},"30":{"start":{"line":31,"column":0},"end":{"line":31,"column":3}},"32":{"start":{"line":33,"column":0},"end":{"line":33,"column":41}},"33":{"start":{"line":34,"column":0},"end":{"line":34,"column":47}},"34":{"start":{"line":35,"column":0},"end":{"line":35,"column":65}},"36":{"start":{"line":37,"column":0},"end":{"line":37,"column":25}},"37":{"start":{"line":38,"column":0},"end":{"line":38,"column":51}},"38":{"start":{"line":39,"column":0},"end":{"line":39,"column":74}},"39":{"start":{"line":40,"column":0},"end":{"line":40,"column":16}},"40":{"start":{"line":41,"column":0},"end":{"line":41,"column":39}},"41":{"start":{"line":42,"column":0},"end":{"line":42,"column":40}},"42":{"start":{"line":43,"column":0},"end":{"line":43,"column":38}},"43":{"start":{"line":44,"column":0},"end":{"line":44,"column":70}},"44":{"start":{"line":45,"column":0},"end":{"line":45,"column":9}},"45":{"start":{"line":46,"column":0},"end":{"line":46,"column":7}},"46":{"start":{"line":47,"column":0},"end":{"line":47,"column":7}},"47":{"start":{"line":48,"column":0},"end":{"line":48,"column":3}},"49":{"start":{"line":50,"column":0},"end":{"line":50,"column":17}},"50":{"start":{"line":51,"column":0},"end":{"line":51,"column":32}},"51":{"start":{"line":52,"column":0},"end":{"line":52,"column":11}},"52":{"start":{"line":53,"column":0},"end":{"line":53,"column":19}},"53":{"start":{"line":54,"column":0},"end":{"line":54,"column":44}},"54":{"start":{"line":55,"column":0},"end":{"line":55,"column":20}},"55":{"start":{"line":56,"column":0},"end":{"line":56,"column":6}},"56":{"start":{"line":57,"column":0},"end":{"line":57,"column":3}},"58":{"start":{"line":59,"column":0},"end":{"line":59,"column":29}},"59":{"start":{"line":60,"column":0},"end":{"line":60,"column":51}},"60":{"start":{"line":61,"column":0},"end":{"line":61,"column":15}},"61":{"start":{"line":62,"column":0},"end":{"line":62,"column":38}},"62":{"start":{"line":63,"column":0},"end":{"line":63,"column":11}},"63":{"start":{"line":64,"column":0},"end":{"line":64,"column":31}},"64":{"start":{"line":65,"column":0},"end":{"line":65,"column":6}},"66":{"start":{"line":67,"column":0},"end":{"line":67,"column":53}},"67":{"start":{"line":68,"column":0},"end":{"line":68,"column":15}},"68":{"start":{"line":69,"column":0},"end":{"line":69,"column":17}},"69":{"start":{"line":70,"column":0},"end":{"line":70,"column":11}},"70":{"start":{"line":71,"column":0},"end":{"line":71,"column":24}},"71":{"start":{"line":72,"column":0},"end":{"line":72,"column":6}},"73":{"start":{"line":74,"column":0},"end":{"line":74,"column":54}},"74":{"start":{"line":75,"column":0},"end":{"line":75,"column":12}},"75":{"start":{"line":76,"column":0},"end":{"line":76,"column":19}},"76":{"start":{"line":77,"column":0},"end":{"line":77,"column":11}},"77":{"start":{"line":78,"column":0},"end":{"line":78,"column":23}},"78":{"start":{"line":79,"column":0},"end":{"line":79,"column":6}},"79":{"start":{"line":80,"column":0},"end":{"line":80,"column":38}},"80":{"start":{"line":81,"column":0},"end":{"line":81,"column":37}},"82":{"start":{"line":83,"column":0},"end":{"line":83,"column":50}},"83":{"start":{"line":84,"column":0},"end":{"line":84,"column":15}},"84":{"start":{"line":85,"column":0},"end":{"line":85,"column":17}},"85":{"start":{"line":86,"column":0},"end":{"line":86,"column":11}},"86":{"start":{"line":87,"column":0},"end":{"line":87,"column":19}},"87":{"start":{"line":88,"column":0},"end":{"line":88,"column":6}},"88":{"start":{"line":89,"column":0},"end":{"line":89,"column":51}},"89":{"start":{"line":90,"column":0},"end":{"line":90,"column":12}},"90":{"start":{"line":91,"column":0},"end":{"line":91,"column":16}},"91":{"start":{"line":92,"column":0},"end":{"line":92,"column":11}},"92":{"start":{"line":93,"column":0},"end":{"line":93,"column":19}},"93":{"start":{"line":94,"column":0},"end":{"line":94,"column":6}},"94":{"start":{"line":95,"column":0},"end":{"line":95,"column":32}},"95":{"start":{"line":96,"column":0},"end":{"line":96,"column":30}},"96":{"start":{"line":97,"column":0},"end":{"line":97,"column":3}},"97":{"start":{"line":98,"column":0},"end":{"line":98,"column":1}}},"s":{"0":1,"1":1,"2":1,"3":1,"4":1,"5":1,"6":49,"7":49,"8":49,"9":49,"10":49,"11":49,"13":49,"14":49,"15":49,"16":49,"17":49,"18":49,"19":49,"21":1,"22":27,"23":75,"24":75,"25":15,"26":15,"27":15,"28":15,"29":27,"30":27,"32":1,"33":28,"34":75,"36":75,"37":37,"38":35,"39":37,"40":2,"41":2,"42":2,"43":2,"44":2,"45":37,"46":28,"47":28,"49":1,"50":29,"51":29,"52":29,"53":29,"54":29,"55":29,"56":29,"58":1,"59":29,"60":29,"61":29,"62":29,"63":29,"64":29,"66":29,"67":29,"68":29,"69":29,"70":29,"71":29,"73":29,"74":29,"75":29,"76":29,"77":29,"78":29,"79":29,"80":29,"82":29,"83":29,"84":29,"85":29,"86":29,"87":29,"88":29,"89":29,"90":29,"91":29,"92":29,"93":29,"94":29,"95":29,"96":29,"97":1},"branchMap":{"0":{"type":"branch","line":6,"loc":{"start":{"line":6,"column":2},"end":{"line":20,"column":3}},"locations":[{"start":{"line":6,"column":2},"end":{"line":20,"column":3}}]},"1":{"type":"branch","line":22,"loc":{"start":{"line":22,"column":2},"end":{"line":31,"column":3}},"locations":[{"start":{"line":22,"column":2},"end":{"line":31,"column":3}}]},"2":{"type":"branch","line":23,"loc":{"start":{"line":23,"column":39},"end":{"line":30,"column":5}},"locations":[{"start":{"line":23,"column":39},"end":{"line":30,"column":5}}]},"3":{"type":"branch","line":25,"loc":{"start":{"line":25,"column":21},"end":{"line":29,"column":7}},"locations":[{"start":{"line":25,"column":21},"end":{"line":29,"column":7}}]},"4":{"type":"branch","line":33,"loc":{"start":{"line":33,"column":2},"end":{"line":48,"column":3}},"locations":[{"start":{"line":33,"column":2},"end":{"line":48,"column":3}}]},"5":{"type":"branch","line":34,"loc":{"start":{"line":34,"column":39},"end":{"line":47,"column":5}},"locations":[{"start":{"line":34,"column":39},"end":{"line":47,"column":5}}]},"6":{"type":"branch","line":37,"loc":{"start":{"line":37,"column":24},"end":{"line":46,"column":7}},"locations":[{"start":{"line":37,"column":24},"end":{"line":46,"column":7}}]},"7":{"type":"branch","line":38,"loc":{"start":{"line":38,"column":50},"end":{"line":40,"column":9}},"locations":[{"start":{"line":38,"column":50},"end":{"line":40,"column":9}}]},"8":{"type":"branch","line":40,"loc":{"start":{"line":40,"column":9},"end":{"line":45,"column":9}},"locations":[{"start":{"line":40,"column":9},"end":{"line":45,"column":9}}]},"9":{"type":"branch","line":50,"loc":{"start":{"line":50,"column":2},"end":{"line":57,"column":3}},"locations":[{"start":{"line":50,"column":2},"end":{"line":57,"column":3}}]},"10":{"type":"branch","line":59,"loc":{"start":{"line":59,"column":2},"end":{"line":97,"column":3}},"locations":[{"start":{"line":59,"column":2},"end":{"line":97,"column":3}}]}},"b":{"0":[49],"1":[27],"2":[75],"3":[15],"4":[28],"5":[75],"6":[37],"7":[35],"8":[2],"9":[29],"10":[29]},"fnMap":{"0":{"name":"RenderUI","decl":{"start":{"line":6,"column":2},"end":{"line":20,"column":3}},"loc":{"start":{"line":6,"column":2},"end":{"line":20,"column":3}},"line":6},"1":{"name":"createTrackerHandler","decl":{"start":{"line":22,"column":2},"end":{"line":31,"column":3}},"loc":{"start":{"line":22,"column":2},"end":{"line":31,"column":3}},"line":22},"2":{"name":"deleteAllTrackerHandle","decl":{"start":{"line":33,"column":2},"end":{"line":48,"column":3}},"loc":{"start":{"line":33,"column":2},"end":{"line":48,"column":3}},"line":33},"3":{"name":"mainHeading","decl":{"start":{"line":50,"column":2},"end":{"line":57,"column":3}},"loc":{"start":{"line":50,"column":2},"end":{"line":57,"column":3}},"line":50},"4":{"name":"bookCreateAndDeleteBtns","decl":{"start":{"line":59,"column":2},"end":{"line":97,"column":3}},"loc":{"start":{"line":59,"column":2},"end":{"line":97,"column":3}},"line":59}},"f":{"0":49,"1":27,"2":28,"3":29,"4":29}}
,"/Users/umar/Documents/github revisit/book-tracker-js/src/js-components/TrackerState.js": {"path":"/Users/umar/Documents/github revisit/book-tracker-js/src/js-components/TrackerState.js","all":false,"statementMap":{"0":{"start":{"line":1,"column":0},"end":{"line":1,"column":54}},"1":{"start":{"line":2,"column":0},"end":{"line":2,"column":62}},"3":{"start":{"line":4,"column":0},"end":{"line":4,"column":35}},"4":{"start":{"line":5,"column":0},"end":{"line":5,"column":66}},"5":{"start":{"line":6,"column":0},"end":{"line":6,"column":33}},"6":{"start":{"line":7,"column":0},"end":{"line":7,"column":13}},"7":{"start":{"line":8,"column":0},"end":{"line":8,"column":17}},"8":{"start":{"line":9,"column":0},"end":{"line":9,"column":15}},"9":{"start":{"line":10,"column":0},"end":{"line":10,"column":17}},"10":{"start":{"line":11,"column":0},"end":{"line":11,"column":14}},"11":{"start":{"line":12,"column":0},"end":{"line":12,"column":6}},"12":{"start":{"line":13,"column":0},"end":{"line":13,"column":43}},"13":{"start":{"line":14,"column":0},"end":{"line":14,"column":28}},"14":{"start":{"line":15,"column":0},"end":{"line":15,"column":3}},"16":{"start":{"line":17,"column":0},"end":{"line":17,"column":22}},"17":{"start":{"line":18,"column":0},"end":{"line":18,"column":63}},"18":{"start":{"line":19,"column":0},"end":{"line":19,"column":38}},"19":{"start":{"line":20,"column":0},"end":{"line":20,"column":6}},"20":{"start":{"line":21,"column":0},"end":{"line":21,"column":28}},"21":{"start":{"line":22,"column":0},"end":{"line":22,"column":3}},"23":{"start":{"line":24,"column":0},"end":{"line":24,"column":30}},"24":{"start":{"line":25,"column":0},"end":{"line":25,"column":59}},"25":{"start":{"line":26,"column":0},"end":{"line":26,"column":38}},"26":{"start":{"line":27,"column":0},"end":{"line":27,"column":6}},"28":{"start":{"line":29,"column":0},"end":{"line":29,"column":29}},"29":{"start":{"line":30,"column":0},"end":{"line":30,"column":64}},"30":{"start":{"line":31,"column":0},"end":{"line":31,"column":30}},"31":{"start":{"line":32,"column":0},"end":{"line":32,"column":12}},"32":{"start":{"line":33,"column":0},"end":{"line":33,"column":29}},"33":{"start":{"line":34,"column":0},"end":{"line":34,"column":5}},"34":{"start":{"line":35,"column":0},"end":{"line":35,"column":3}},"35":{"start":{"line":36,"column":0},"end":{"line":36,"column":1}}},"s":{"0":1,"1":1,"3":1,"4":1,"5":48,"6":48,"7":48,"8":48,"9":48,"10":48,"11":48,"12":48,"13":48,"14":48,"16":1,"17":2,"18":2,"19":2,"20":2,"21":2,"23":1,"24":6,"25":6,"26":6,"28":6,"29":1,"30":1,"31":5,"32":5,"33":5,"34":6,"35":1},"branchMap":{"0":{"type":"branch","line":5,"loc":{"start":{"line":5,"column":2},"end":{"line":15,"column":3}},"locations":[{"start":{"line":5,"column":2},"end":{"line":15,"column":3}}]},"1":{"type":"branch","line":17,"loc":{"start":{"line":17,"column":2},"end":{"line":22,"column":3}},"locations":[{"start":{"line":17,"column":2},"end":{"line":22,"column":3}}]},"2":{"type":"branch","line":19,"loc":{"start":{"line":19,"column":6},"end":{"line":19,"column":38}},"locations":[{"start":{"line":19,"column":6},"end":{"line":19,"column":38}}]},"3":{"type":"branch","line":24,"loc":{"start":{"line":24,"column":2},"end":{"line":35,"column":3}},"locations":[{"start":{"line":24,"column":2},"end":{"line":35,"column":3}}]},"4":{"type":"branch","line":29,"loc":{"start":{"line":29,"column":28},"end":{"line":34,"column":5}},"locations":[{"start":{"line":29,"column":28},"end":{"line":34,"column":5}}]},"5":{"type":"branch","line":29,"loc":{"start":{"line":29,"column":28},"end":{"line":32,"column":5}},"locations":[{"start":{"line":29,"column":28},"end":{"line":32,"column":5}}]},"6":{"type":"branch","line":26,"loc":{"start":{"line":26,"column":6},"end":{"line":26,"column":38}},"locations":[{"start":{"line":26,"column":6},"end":{"line":26,"column":38}}]}},"b":{"0":[48],"1":[2],"2":[2],"3":[6],"4":[5],"5":[1],"6":[5]},"fnMap":{"0":{"name":"storeBooks","decl":{"start":{"line":5,"column":2},"end":{"line":15,"column":3}},"loc":{"start":{"line":5,"column":2},"end":{"line":15,"column":3}},"line":5},"1":{"name":"deleteBook","decl":{"start":{"line":17,"column":2},"end":{"line":22,"column":3}},"loc":{"start":{"line":17,"column":2},"end":{"line":22,"column":3}},"line":17},"2":{"name":"editRead","decl":{"start":{"line":24,"column":2},"end":{"line":35,"column":3}},"loc":{"start":{"line":24,"column":2},"end":{"line":35,"column":3}},"line":24}},"f":{"0":48,"1":2,"2":6}}
,"/Users/umar/Documents/github revisit/book-tracker-js/src/js-components/TrackerStore.js": {"path":"/Users/umar/Documents/github revisit/book-tracker-js/src/js-components/TrackerStore.js","all":false,"statementMap":{"0":{"start":{"line":1,"column":0},"end":{"line":1,"column":35}},"1":{"start":{"line":2,"column":0},"end":{"line":2,"column":22}},"2":{"start":{"line":3,"column":0},"end":{"line":3,"column":62}},"4":{"start":{"line":5,"column":0},"end":{"line":5,"column":21}},"5":{"start":{"line":6,"column":0},"end":{"line":6,"column":78}},"6":{"start":{"line":7,"column":0},"end":{"line":7,"column":3}},"8":{"start":{"line":9,"column":0},"end":{"line":9,"column":26}},"9":{"start":{"line":10,"column":0},"end":{"line":10,"column":47}},"10":{"start":{"line":11,"column":0},"end":{"line":11,"column":26}},"11":{"start":{"line":12,"column":0},"end":{"line":12,"column":3}},"12":{"start":{"line":13,"column":0},"end":{"line":13,"column":1}}},"s":{"0":1,"1":7,"2":7,"4":7,"5":53,"6":53,"8":7,"9":25,"10":25,"11":25,"12":7},"branchMap":{"0":{"type":"branch","line":1,"loc":{"start":{"line":1,"column":34},"end":{"line":13,"column":1}},"locations":[{"start":{"line":1,"column":34},"end":{"line":13,"column":1}}]},"1":{"type":"branch","line":5,"loc":{"start":{"line":5,"column":9},"end":{"line":7,"column":3}},"locations":[{"start":{"line":5,"column":9},"end":{"line":7,"column":3}}]},"2":{"type":"branch","line":9,"loc":{"start":{"line":9,"column":9},"end":{"line":12,"column":3}},"locations":[{"start":{"line":9,"column":9},"end":{"line":12,"column":3}}]}},"b":{"0":[7],"1":[53],"2":[25]},"fnMap":{"0":{"name":"<static_initializer>","decl":{"start":{"line":1,"column":34},"end":{"line":13,"column":1}},"loc":{"start":{"line":1,"column":34},"end":{"line":13,"column":1}},"line":1},"1":{"name":"saveBook","decl":{"start":{"line":5,"column":9},"end":{"line":7,"column":3}},"loc":{"start":{"line":5,"column":9},"end":{"line":7,"column":3}},"line":5},"2":{"name":"deleteAllBook","decl":{"start":{"line":9,"column":9},"end":{"line":12,"column":3}},"loc":{"start":{"line":9,"column":9},"end":{"line":12,"column":3}},"line":9}},"f":{"0":7,"1":53,"2":25}}
,"/Users/umar/Documents/github revisit/book-tracker-js/src/js-components/UtilityModule.js": {"path":"/Users/umar/Documents/github revisit/book-tracker-js/src/js-components/UtilityModule.js","all":false,"statementMap":{"0":{"start":{"line":1,"column":0},"end":{"line":1,"column":61}},"2":{"start":{"line":3,"column":0},"end":{"line":3,"column":36}},"3":{"start":{"line":4,"column":0},"end":{"line":4,"column":51}},"5":{"start":{"line":6,"column":0},"end":{"line":6,"column":64}},"6":{"start":{"line":7,"column":0},"end":{"line":7,"column":56}},"8":{"start":{"line":9,"column":0},"end":{"line":9,"column":16}},"9":{"start":{"line":10,"column":0},"end":{"line":10,"column":38}},"10":{"start":{"line":11,"column":0},"end":{"line":11,"column":5}},"12":{"start":{"line":13,"column":0},"end":{"line":13,"column":21}},"13":{"start":{"line":14,"column":0},"end":{"line":14,"column":58}},"14":{"start":{"line":15,"column":0},"end":{"line":15,"column":5}},"16":{"start":{"line":17,"column":0},"end":{"line":17,"column":40}},"18":{"start":{"line":19,"column":0},"end":{"line":19,"column":23}},"19":{"start":{"line":20,"column":0},"end":{"line":20,"column":3}},"21":{"start":{"line":22,"column":0},"end":{"line":22,"column":31}},"22":{"start":{"line":23,"column":0},"end":{"line":23,"column":38}},"23":{"start":{"line":24,"column":0},"end":{"line":24,"column":12}},"24":{"start":{"line":25,"column":0},"end":{"line":25,"column":19}},"25":{"start":{"line":26,"column":0},"end":{"line":26,"column":11}},"26":{"start":{"line":27,"column":0},"end":{"line":27,"column":24}},"27":{"start":{"line":28,"column":0},"end":{"line":28,"column":6}},"29":{"start":{"line":30,"column":0},"end":{"line":30,"column":40}},"30":{"start":{"line":31,"column":0},"end":{"line":31,"column":15}},"31":{"start":{"line":32,"column":0},"end":{"line":32,"column":13}},"32":{"start":{"line":33,"column":0},"end":{"line":33,"column":11}},"33":{"start":{"line":34,"column":0},"end":{"line":34,"column":26}},"34":{"start":{"line":35,"column":0},"end":{"line":35,"column":6}},"36":{"start":{"line":37,"column":0},"end":{"line":37,"column":69}},"38":{"start":{"line":39,"column":0},"end":{"line":39,"column":69}},"39":{"start":{"line":40,"column":0},"end":{"line":40,"column":28}},"41":{"start":{"line":42,"column":0},"end":{"line":42,"column":57}},"43":{"start":{"line":44,"column":0},"end":{"line":44,"column":62}},"45":{"start":{"line":46,"column":0},"end":{"line":46,"column":22}},"46":{"start":{"line":47,"column":0},"end":{"line":47,"column":22}},"47":{"start":{"line":48,"column":0},"end":{"line":48,"column":13}},"48":{"start":{"line":49,"column":0},"end":{"line":49,"column":3}},"49":{"start":{"line":50,"column":0},"end":{"line":50,"column":1}}},"s":{"0":1,"2":1,"3":7,"5":7,"6":2449,"8":2449,"9":594,"10":594,"12":2449,"13":1732,"14":1732,"16":2449,"18":2449,"19":2449,"21":7,"22":50,"23":50,"24":50,"25":50,"26":50,"27":50,"29":50,"30":50,"31":50,"32":50,"33":50,"34":50,"36":50,"38":50,"39":50,"41":50,"43":50,"45":50,"46":3,"47":50,"48":50,"49":7},"branchMap":{"0":{"type":"branch","line":3,"loc":{"start":{"line":3,"column":35},"end":{"line":50,"column":1}},"locations":[{"start":{"line":3,"column":35},"end":{"line":50,"column":1}}]},"1":{"type":"branch","line":6,"loc":{"start":{"line":6,"column":9},"end":{"line":20,"column":3}},"locations":[{"start":{"line":6,"column":9},"end":{"line":20,"column":3}}]},"2":{"type":"branch","line":9,"loc":{"start":{"line":9,"column":15},"end":{"line":11,"column":5}},"locations":[{"start":{"line":9,"column":15},"end":{"line":11,"column":5}}]},"3":{"type":"branch","line":13,"loc":{"start":{"line":13,"column":20},"end":{"line":15,"column":5}},"locations":[{"start":{"line":13,"column":20},"end":{"line":15,"column":5}}]},"4":{"type":"branch","line":22,"loc":{"start":{"line":22,"column":9},"end":{"line":49,"column":3}},"locations":[{"start":{"line":22,"column":9},"end":{"line":49,"column":3}}]},"5":{"type":"branch","line":44,"loc":{"start":{"line":44,"column":39},"end":{"line":44,"column":60}},"locations":[{"start":{"line":44,"column":39},"end":{"line":44,"column":60}}]},"6":{"type":"branch","line":46,"loc":{"start":{"line":46,"column":15},"end":{"line":48,"column":5}},"locations":[{"start":{"line":46,"column":15},"end":{"line":48,"column":5}}]}},"b":{"0":[7],"1":[2449],"2":[594],"3":[1732],"4":[50],"5":[1],"6":[3]},"fnMap":{"0":{"name":"<static_initializer>","decl":{"start":{"line":3,"column":35},"end":{"line":50,"column":1}},"loc":{"start":{"line":3,"column":35},"end":{"line":50,"column":1}},"line":3},"1":{"name":"createElement","decl":{"start":{"line":6,"column":9},"end":{"line":20,"column":3}},"loc":{"start":{"line":6,"column":9},"end":{"line":20,"column":3}},"line":6},"2":{"name":"activityMsg","decl":{"start":{"line":22,"column":9},"end":{"line":49,"column":3}},"loc":{"start":{"line":22,"column":9},"end":{"line":49,"column":3}},"line":22}},"f":{"0":7,"1":2449,"2":50}}
,"/Users/umar/Documents/github revisit/book-tracker-js/src/js-components/data/asideBarElementsData.js": {"path":"/Users/umar/Documents/github revisit/book-tracker-js/src/js-components/data/asideBarElementsData.js","all":false,"statementMap":{"0":{"start":{"line":1,"column":0},"end":{"line":1,"column":33}},"1":{"start":{"line":2,"column":0},"end":{"line":2,"column":3}},"2":{"start":{"line":3,"column":0},"end":{"line":3,"column":18}},"3":{"start":{"line":4,"column":0},"end":{"line":4,"column":25}},"4":{"start":{"line":5,"column":0},"end":{"line":5,"column":39}},"5":{"start":{"line":6,"column":0},"end":{"line":6,"column":4}},"7":{"start":{"line":8,"column":0},"end":{"line":8,"column":3}},"8":{"start":{"line":9,"column":0},"end":{"line":9,"column":19}},"9":{"start":{"line":10,"column":0},"end":{"line":10,"column":15}},"10":{"start":{"line":11,"column":0},"end":{"line":11,"column":35}},"11":{"start":{"line":12,"column":0},"end":{"line":12,"column":4}},"12":{"start":{"line":13,"column":0},"end":{"line":13,"column":2}},"14":{"start":{"line":15,"column":0},"end":{"line":15,"column":31}},"15":{"start":{"line":16,"column":0},"end":{"line":16,"column":3}},"16":{"start":{"line":17,"column":0},"end":{"line":17,"column":18}},"17":{"start":{"line":18,"column":0},"end":{"line":18,"column":24}},"18":{"start":{"line":19,"column":0},"end":{"line":19,"column":38}},"19":{"start":{"line":20,"column":0},"end":{"line":20,"column":4}},"21":{"start":{"line":22,"column":0},"end":{"line":22,"column":3}},"22":{"start":{"line":23,"column":0},"end":{"line":23,"column":19}},"23":{"start":{"line":24,"column":0},"end":{"line":24,"column":15}},"24":{"start":{"line":25,"column":0},"end":{"line":25,"column":34}},"25":{"start":{"line":26,"column":0},"end":{"line":26,"column":4}},"26":{"start":{"line":27,"column":0},"end":{"line":27,"column":2}}},"s":{"0":1,"1":1,"2":1,"3":1,"4":1,"5":1,"7":1,"8":1,"9":1,"10":1,"11":1,"12":1,"14":1,"15":1,"16":1,"17":1,"18":1,"19":1,"21":1,"22":1,"23":1,"24":1,"25":1,"26":1},"branchMap":{},"b":{},"fnMap":{},"f":{}}
,"/Users/umar/Documents/github revisit/book-tracker-js/src/js-components/data/bookFormInputsData.js": {"path":"/Users/umar/Documents/github revisit/book-tracker-js/src/js-components/data/bookFormInputsData.js","all":false,"statementMap":{"0":{"start":{"line":1,"column":0},"end":{"line":1,"column":32}},"1":{"start":{"line":2,"column":0},"end":{"line":2,"column":3}},"2":{"start":{"line":3,"column":0},"end":{"line":3,"column":30}},"3":{"start":{"line":4,"column":0},"end":{"line":4,"column":19}},"4":{"start":{"line":5,"column":0},"end":{"line":5,"column":29}},"5":{"start":{"line":6,"column":0},"end":{"line":6,"column":17}},"6":{"start":{"line":7,"column":0},"end":{"line":7,"column":4}},"8":{"start":{"line":9,"column":0},"end":{"line":9,"column":3}},"9":{"start":{"line":10,"column":0},"end":{"line":10,"column":32}},"10":{"start":{"line":11,"column":0},"end":{"line":11,"column":21}},"11":{"start":{"line":12,"column":0},"end":{"line":12,"column":31}},"12":{"start":{"line":13,"column":0},"end":{"line":13,"column":17}},"13":{"start":{"line":14,"column":0},"end":{"line":14,"column":4}},"15":{"start":{"line":16,"column":0},"end":{"line":16,"column":3}},"16":{"start":{"line":17,"column":0},"end":{"line":17,"column":32}},"17":{"start":{"line":18,"column":0},"end":{"line":18,"column":21}},"18":{"start":{"line":19,"column":0},"end":{"line":19,"column":31}},"19":{"start":{"line":20,"column":0},"end":{"line":20,"column":19}},"20":{"start":{"line":21,"column":0},"end":{"line":21,"column":4}},"21":{"start":{"line":22,"column":0},"end":{"line":22,"column":2}},"23":{"start":{"line":24,"column":0},"end":{"line":24,"column":34}},"24":{"start":{"line":25,"column":0},"end":{"line":25,"column":3}},"25":{"start":{"line":26,"column":0},"end":{"line":26,"column":28}},"26":{"start":{"line":27,"column":0},"end":{"line":27,"column":19}},"27":{"start":{"line":28,"column":0},"end":{"line":28,"column":27}},"28":{"start":{"line":29,"column":0},"end":{"line":29,"column":4}},"29":{"start":{"line":30,"column":0},"end":{"line":30,"column":2}}},"s":{"0":1,"1":1,"2":1,"3":1,"4":1,"5":1,"6":1,"8":1,"9":1,"10":1,"11":1,"12":1,"13":1,"15":1,"16":1,"17":1,"18":1,"19":1,"20":1,"21":1,"23":1,"24":1,"25":1,"26":1,"27":1,"28":1,"29":1},"branchMap":{},"b":{},"fnMap":{},"f":{}}
}
